2024-07-01 00:17:49.835 [SpringContextShutdownHook] INFO  o.s.scheduling.concurrent.ThreadPoolTaskExecutor - Shutting down ExecutorService 'applicationTaskExecutor'
2024-07-01 00:17:49.843 [SpringContextShutdownHook] INFO  com.zaxxer.hikari.HikariDataSource - HikariPool-1 - Shutdown initiated...
2024-07-01 00:17:49.851 [SpringContextShutdownHook] INFO  com.zaxxer.hikari.HikariDataSource - HikariPool-1 - Shutdown completed.
2024-07-01 00:17:59.484 [main] INFO  com.yuunik.eduservice.EduApplication - Starting EduApplication on LAPTOP-BE590U33 with PID 29372 (D:\Zhou\full-stack\project\edu-system\edu\service\service-edu\target\classes started by ZHJT in D:\Zhou\full-stack\project\edu-system\edu)
2024-07-01 00:17:59.486 [main] INFO  com.yuunik.eduservice.EduApplication - The following profiles are active: dev
2024-07-01 00:18:00.434 [main] INFO  o.s.d.r.config.RepositoryConfigurationDelegate - Multiple Spring Data modules found, entering strict repository configuration mode!
2024-07-01 00:18:00.437 [main] INFO  o.s.d.r.config.RepositoryConfigurationDelegate - Bootstrapping Spring Data repositories in DEFAULT mode.
2024-07-01 00:18:00.464 [main] INFO  o.s.d.r.config.RepositoryConfigurationDelegate - Finished Spring Data repository scanning in 12ms. Found 0 repository interfaces.
2024-07-01 00:18:00.758 [main] INFO  o.s.c.s.PostProcessorRegistrationDelegate$BeanPostProcessorChecker - Bean 'org.springframework.transaction.annotation.ProxyTransactionManagementConfiguration' of type [org.springframework.transaction.annotation.ProxyTransactionManagementConfiguration] is not eligible for getting processed by all BeanPostProcessors (for example: not eligible for auto-proxying)
2024-07-01 00:18:01.054 [main] INFO  o.s.boot.web.embedded.tomcat.TomcatWebServer - Tomcat initialized with port(s): 8001 (http)
2024-07-01 00:18:01.065 [main] INFO  org.apache.coyote.http11.Http11NioProtocol - Initializing ProtocolHandler ["http-nio-8001"]
2024-07-01 00:18:01.066 [main] INFO  org.apache.catalina.core.StandardService - Starting service [Tomcat]
2024-07-01 00:18:01.067 [main] INFO  org.apache.catalina.core.StandardEngine - Starting Servlet engine: [Apache Tomcat/9.0.27]
2024-07-01 00:18:01.175 [main] INFO  o.a.c.core.ContainerBase.[Tomcat].[localhost].[/] - Initializing Spring embedded WebApplicationContext
2024-07-01 00:18:01.175 [main] INFO  org.springframework.web.context.ContextLoader - Root WebApplicationContext: initialization completed in 1646 ms
2024-07-01 00:18:01.454 [main] INFO  com.zaxxer.hikari.HikariDataSource - HikariPool-1 - Starting...
2024-07-01 00:18:01.643 [main] INFO  com.zaxxer.hikari.HikariDataSource - HikariPool-1 - Start completed.
2024-07-01 00:18:02.290 [main] INFO  s.d.s.w.PropertySourcedRequestMappingHandlerMapping - Mapped URL path [/v2/api-docs] onto method [springfox.documentation.swagger2.web.Swagger2Controller#getDocumentation(String, HttpServletRequest)]
2024-07-01 00:18:02.399 [main] INFO  o.s.scheduling.concurrent.ThreadPoolTaskExecutor - Initializing ExecutorService 'applicationTaskExecutor'
2024-07-01 00:18:03.007 [main] INFO  s.d.s.web.plugins.DocumentationPluginsBootstrapper - Context refreshed
2024-07-01 00:18:03.022 [main] INFO  s.d.s.web.plugins.DocumentationPluginsBootstrapper - Found 1 custom documentation plugin(s)
2024-07-01 00:18:03.057 [main] INFO  s.d.spring.web.scanners.ApiListingReferenceScanner - Scanning for api listing references
2024-07-01 00:18:03.260 [main] INFO  s.d.s.w.r.operation.CachingOperationNameGenerator - Generating unique operation named: exportTemplateUsingGET_1
2024-07-01 00:18:03.316 [main] INFO  org.apache.coyote.http11.Http11NioProtocol - Starting ProtocolHandler ["http-nio-8001"]
2024-07-01 00:18:03.345 [main] INFO  o.s.boot.web.embedded.tomcat.TomcatWebServer - Tomcat started on port(s): 8001 (http) with context path ''
2024-07-01 00:18:03.349 [main] INFO  com.yuunik.eduservice.EduApplication - Started EduApplication in 4.54 seconds (JVM running for 6.919)
2024-07-01 00:18:18.082 [http-nio-8001-exec-1] INFO  o.a.c.core.ContainerBase.[Tomcat].[localhost].[/] - Initializing Spring DispatcherServlet 'dispatcherServlet'
2024-07-01 00:18:18.083 [http-nio-8001-exec-1] INFO  org.springframework.web.servlet.DispatcherServlet - Initializing Servlet 'dispatcherServlet'
2024-07-01 00:18:18.088 [http-nio-8001-exec-1] INFO  org.springframework.web.servlet.DispatcherServlet - Completed initialization in 5 ms
2024-07-01 00:19:27.502 [SpringContextShutdownHook] INFO  o.s.scheduling.concurrent.ThreadPoolTaskExecutor - Shutting down ExecutorService 'applicationTaskExecutor'
2024-07-01 00:19:27.529 [SpringContextShutdownHook] INFO  com.zaxxer.hikari.HikariDataSource - HikariPool-1 - Shutdown initiated...
2024-07-01 00:19:27.542 [SpringContextShutdownHook] INFO  com.zaxxer.hikari.HikariDataSource - HikariPool-1 - Shutdown completed.
2024-07-01 00:19:32.553 [main] INFO  com.yuunik.eduservice.EduApplication - Starting EduApplication on LAPTOP-BE590U33 with PID 2832 (D:\Zhou\full-stack\project\edu-system\edu\service\service-edu\target\classes started by ZHJT in D:\Zhou\full-stack\project\edu-system\edu)
2024-07-01 00:19:32.555 [main] INFO  com.yuunik.eduservice.EduApplication - The following profiles are active: dev
2024-07-01 00:19:33.412 [main] INFO  o.s.d.r.config.RepositoryConfigurationDelegate - Multiple Spring Data modules found, entering strict repository configuration mode!
2024-07-01 00:19:33.415 [main] INFO  o.s.d.r.config.RepositoryConfigurationDelegate - Bootstrapping Spring Data repositories in DEFAULT mode.
2024-07-01 00:19:33.447 [main] INFO  o.s.d.r.config.RepositoryConfigurationDelegate - Finished Spring Data repository scanning in 15ms. Found 0 repository interfaces.
2024-07-01 00:19:33.799 [main] INFO  o.s.c.s.PostProcessorRegistrationDelegate$BeanPostProcessorChecker - Bean 'org.springframework.transaction.annotation.ProxyTransactionManagementConfiguration' of type [org.springframework.transaction.annotation.ProxyTransactionManagementConfiguration] is not eligible for getting processed by all BeanPostProcessors (for example: not eligible for auto-proxying)
2024-07-01 00:19:34.061 [main] INFO  o.s.boot.web.embedded.tomcat.TomcatWebServer - Tomcat initialized with port(s): 8001 (http)
2024-07-01 00:19:34.071 [main] INFO  org.apache.coyote.http11.Http11NioProtocol - Initializing ProtocolHandler ["http-nio-8001"]
2024-07-01 00:19:34.072 [main] INFO  org.apache.catalina.core.StandardService - Starting service [Tomcat]
2024-07-01 00:19:34.072 [main] INFO  org.apache.catalina.core.StandardEngine - Starting Servlet engine: [Apache Tomcat/9.0.27]
2024-07-01 00:19:34.177 [main] INFO  o.a.c.core.ContainerBase.[Tomcat].[localhost].[/] - Initializing Spring embedded WebApplicationContext
2024-07-01 00:19:34.177 [main] INFO  org.springframework.web.context.ContextLoader - Root WebApplicationContext: initialization completed in 1573 ms
2024-07-01 00:19:34.461 [main] INFO  com.zaxxer.hikari.HikariDataSource - HikariPool-1 - Starting...
2024-07-01 00:19:34.661 [main] INFO  com.zaxxer.hikari.HikariDataSource - HikariPool-1 - Start completed.
2024-07-01 00:19:35.323 [main] INFO  s.d.s.w.PropertySourcedRequestMappingHandlerMapping - Mapped URL path [/v2/api-docs] onto method [springfox.documentation.swagger2.web.Swagger2Controller#getDocumentation(String, HttpServletRequest)]
2024-07-01 00:19:35.435 [main] INFO  o.s.scheduling.concurrent.ThreadPoolTaskExecutor - Initializing ExecutorService 'applicationTaskExecutor'
2024-07-01 00:19:36.040 [main] INFO  s.d.s.web.plugins.DocumentationPluginsBootstrapper - Context refreshed
2024-07-01 00:19:36.055 [main] INFO  s.d.s.web.plugins.DocumentationPluginsBootstrapper - Found 1 custom documentation plugin(s)
2024-07-01 00:19:36.093 [main] INFO  s.d.spring.web.scanners.ApiListingReferenceScanner - Scanning for api listing references
2024-07-01 00:19:36.300 [main] INFO  s.d.s.w.r.operation.CachingOperationNameGenerator - Generating unique operation named: exportTemplateUsingGET_1
2024-07-01 00:19:36.354 [main] INFO  org.apache.coyote.http11.Http11NioProtocol - Starting ProtocolHandler ["http-nio-8001"]
2024-07-01 00:19:36.380 [main] INFO  o.s.boot.web.embedded.tomcat.TomcatWebServer - Tomcat started on port(s): 8001 (http) with context path ''
2024-07-01 00:19:36.383 [main] INFO  com.yuunik.eduservice.EduApplication - Started EduApplication in 4.676 seconds (JVM running for 6.323)
2024-07-01 00:19:40.836 [http-nio-8001-exec-1] INFO  o.a.c.core.ContainerBase.[Tomcat].[localhost].[/] - Initializing Spring DispatcherServlet 'dispatcherServlet'
2024-07-01 00:19:40.836 [http-nio-8001-exec-1] INFO  org.springframework.web.servlet.DispatcherServlet - Initializing Servlet 'dispatcherServlet'
2024-07-01 00:19:40.842 [http-nio-8001-exec-1] INFO  org.springframework.web.servlet.DispatcherServlet - Completed initialization in 6 ms
2024-07-01 09:22:12.273 [main] INFO  com.yuunik.eduservice.EduApplication - Starting EduApplication on LAPTOP-BE590U33 with PID 4136 (D:\Zhou\full-stack\project\edu-system\edu\service\service-edu\target\classes started by ZHJT in D:\Zhou\full-stack\project\edu-system\edu)
2024-07-01 09:22:12.276 [main] INFO  com.yuunik.eduservice.EduApplication - The following profiles are active: dev
2024-07-01 09:22:13.375 [main] INFO  o.s.d.r.config.RepositoryConfigurationDelegate - Multiple Spring Data modules found, entering strict repository configuration mode!
2024-07-01 09:22:13.380 [main] INFO  o.s.d.r.config.RepositoryConfigurationDelegate - Bootstrapping Spring Data repositories in DEFAULT mode.
2024-07-01 09:22:13.431 [main] INFO  o.s.d.r.config.RepositoryConfigurationDelegate - Finished Spring Data repository scanning in 20ms. Found 0 repository interfaces.
2024-07-01 09:22:13.826 [main] INFO  o.s.c.s.PostProcessorRegistrationDelegate$BeanPostProcessorChecker - Bean 'org.springframework.transaction.annotation.ProxyTransactionManagementConfiguration' of type [org.springframework.transaction.annotation.ProxyTransactionManagementConfiguration] is not eligible for getting processed by all BeanPostProcessors (for example: not eligible for auto-proxying)
2024-07-01 09:22:14.136 [main] INFO  o.s.boot.web.embedded.tomcat.TomcatWebServer - Tomcat initialized with port(s): 8001 (http)
2024-07-01 09:22:14.148 [main] INFO  org.apache.coyote.http11.Http11NioProtocol - Initializing ProtocolHandler ["http-nio-8001"]
2024-07-01 09:22:14.149 [main] INFO  org.apache.catalina.core.StandardService - Starting service [Tomcat]
2024-07-01 09:22:14.150 [main] INFO  org.apache.catalina.core.StandardEngine - Starting Servlet engine: [Apache Tomcat/9.0.27]
2024-07-01 09:22:14.277 [main] INFO  o.a.c.core.ContainerBase.[Tomcat].[localhost].[/] - Initializing Spring embedded WebApplicationContext
2024-07-01 09:22:14.278 [main] INFO  org.springframework.web.context.ContextLoader - Root WebApplicationContext: initialization completed in 1947 ms
2024-07-01 09:22:14.586 [main] INFO  com.zaxxer.hikari.HikariDataSource - HikariPool-1 - Starting...
2024-07-01 09:22:15.117 [main] INFO  com.zaxxer.hikari.HikariDataSource - HikariPool-1 - Start completed.
2024-07-01 09:22:15.691 [main] INFO  s.d.s.w.PropertySourcedRequestMappingHandlerMapping - Mapped URL path [/v2/api-docs] onto method [springfox.documentation.swagger2.web.Swagger2Controller#getDocumentation(String, HttpServletRequest)]
2024-07-01 09:22:15.791 [main] INFO  o.s.scheduling.concurrent.ThreadPoolTaskExecutor - Initializing ExecutorService 'applicationTaskExecutor'
2024-07-01 09:22:16.610 [main] INFO  s.d.s.web.plugins.DocumentationPluginsBootstrapper - Context refreshed
2024-07-01 09:22:16.633 [main] INFO  s.d.s.web.plugins.DocumentationPluginsBootstrapper - Found 1 custom documentation plugin(s)
2024-07-01 09:22:16.677 [main] INFO  s.d.spring.web.scanners.ApiListingReferenceScanner - Scanning for api listing references
2024-07-01 09:22:16.898 [main] INFO  s.d.s.w.r.operation.CachingOperationNameGenerator - Generating unique operation named: exportTemplateUsingGET_1
2024-07-01 09:22:16.948 [main] INFO  org.apache.coyote.http11.Http11NioProtocol - Starting ProtocolHandler ["http-nio-8001"]
2024-07-01 09:22:16.970 [main] INFO  o.s.boot.web.embedded.tomcat.TomcatWebServer - Tomcat started on port(s): 8001 (http) with context path ''
2024-07-01 09:22:16.973 [main] INFO  com.yuunik.eduservice.EduApplication - Started EduApplication in 5.523 seconds (JVM running for 8.239)
2024-07-01 09:26:11.260 [http-nio-8001-exec-8] INFO  o.a.c.core.ContainerBase.[Tomcat].[localhost].[/] - Initializing Spring DispatcherServlet 'dispatcherServlet'
2024-07-01 09:26:11.260 [http-nio-8001-exec-8] INFO  org.springframework.web.servlet.DispatcherServlet - Initializing Servlet 'dispatcherServlet'
2024-07-01 09:26:11.265 [http-nio-8001-exec-8] INFO  org.springframework.web.servlet.DispatcherServlet - Completed initialization in 5 ms
2024-07-01 10:07:50.323 [SpringContextShutdownHook] INFO  o.s.scheduling.concurrent.ThreadPoolTaskExecutor - Shutting down ExecutorService 'applicationTaskExecutor'
2024-07-01 10:07:50.328 [SpringContextShutdownHook] INFO  com.zaxxer.hikari.HikariDataSource - HikariPool-1 - Shutdown initiated...
2024-07-01 10:07:50.333 [SpringContextShutdownHook] INFO  com.zaxxer.hikari.HikariDataSource - HikariPool-1 - Shutdown completed.
