2024-08-14 00:37:40.362 [http-nio-8001-exec-1] INFO  o.a.c.core.ContainerBase.[Tomcat].[localhost].[/] - Initializing Spring DispatcherServlet 'dispatcherServlet'
2024-08-14 00:37:40.364 [http-nio-8001-exec-1] INFO  org.springframework.web.servlet.DispatcherServlet - Initializing Servlet 'dispatcherServlet'
2024-08-14 00:37:40.408 [http-nio-8001-exec-1] INFO  org.springframework.web.servlet.DispatcherServlet - Completed initialization in 43 ms
2024-08-14 00:38:11.598 [SpringContextShutdownHook] INFO  o.s.c.alibaba.nacos.registry.NacosServiceRegistry - De-registering from Nacos Server now...
2024-08-14 00:38:11.603 [SpringContextShutdownHook] INFO  o.s.c.alibaba.nacos.registry.NacosServiceRegistry - De-registration finished.
2024-08-14 00:38:11.628 [SpringContextShutdownHook] INFO  o.s.scheduling.concurrent.ThreadPoolTaskExecutor - Shutting down ExecutorService 'applicationTaskExecutor'
2024-08-14 00:38:11.633 [SpringContextShutdownHook] INFO  com.zaxxer.hikari.HikariDataSource - HikariPool-1 - Shutdown initiated...
2024-08-14 00:38:11.637 [SpringContextShutdownHook] INFO  com.zaxxer.hikari.HikariDataSource - HikariPool-1 - Shutdown completed.
2024-08-14 08:40:01.425 [main] INFO  com.yuunik.eduservice.EduApplication - The following profiles are active: dev
2024-08-14 08:40:02.233 [main] INFO  o.s.d.r.config.RepositoryConfigurationDelegate - Multiple Spring Data modules found, entering strict repository configuration mode!
2024-08-14 08:40:02.236 [main] INFO  o.s.d.r.config.RepositoryConfigurationDelegate - Bootstrapping Spring Data repositories in DEFAULT mode.
2024-08-14 08:40:02.267 [main] INFO  o.s.d.r.config.RepositoryConfigurationDelegate - Finished Spring Data repository scanning in 12ms. Found 0 repository interfaces.
2024-08-14 08:40:02.501 [main] INFO  o.springframework.cloud.context.scope.GenericScope - BeanFactory id=1b780d0c-2dba-3dc3-bdf2-ad90cb308133
2024-08-14 08:40:02.608 [main] INFO  o.s.c.s.PostProcessorRegistrationDelegate$BeanPostProcessorChecker - Bean 'org.springframework.transaction.annotation.ProxyTransactionManagementConfiguration' of type [org.springframework.transaction.annotation.ProxyTransactionManagementConfiguration] is not eligible for getting processed by all BeanPostProcessors (for example: not eligible for auto-proxying)
2024-08-14 08:40:02.643 [main] INFO  o.s.c.s.PostProcessorRegistrationDelegate$BeanPostProcessorChecker - Bean 'org.springframework.cloud.autoconfigure.ConfigurationPropertiesRebinderAutoConfiguration' of type [org.springframework.cloud.autoconfigure.ConfigurationPropertiesRebinderAutoConfiguration] is not eligible for getting processed by all BeanPostProcessors (for example: not eligible for auto-proxying)
2024-08-14 08:40:02.847 [main] INFO  o.s.boot.web.embedded.tomcat.TomcatWebServer - Tomcat initialized with port(s): 8001 (http)
2024-08-14 08:40:02.857 [main] INFO  org.apache.coyote.http11.Http11NioProtocol - Initializing ProtocolHandler ["http-nio-8001"]
2024-08-14 08:40:02.857 [main] INFO  org.apache.catalina.core.StandardService - Starting service [Tomcat]
2024-08-14 08:40:02.858 [main] INFO  org.apache.catalina.core.StandardEngine - Starting Servlet engine: [Apache Tomcat/9.0.27]
2024-08-14 08:40:03.030 [main] INFO  o.a.c.core.ContainerBase.[Tomcat].[localhost].[/] - Initializing Spring embedded WebApplicationContext
2024-08-14 08:40:03.030 [main] INFO  org.springframework.web.context.ContextLoader - Root WebApplicationContext: initialization completed in 1584 ms
2024-08-14 08:40:03.277 [main] INFO  com.zaxxer.hikari.HikariDataSource - HikariPool-1 - Starting...
2024-08-14 08:40:03.934 [main] INFO  com.zaxxer.hikari.HikariDataSource - HikariPool-1 - Start completed.
2024-08-14 08:40:04.718 [main] INFO  s.d.s.w.PropertySourcedRequestMappingHandlerMapping - Mapped URL path [/v2/api-docs] onto method [springfox.documentation.swagger2.web.Swagger2Controller#getDocumentation(String, HttpServletRequest)]
2024-08-14 08:40:04.749 [main] INFO  com.netflix.config.sources.URLConfigurationSource - To enable URLs as dynamic configuration sources, define System property archaius.configurationSource.additionalUrls or make config.properties available on classpath.
2024-08-14 08:40:04.758 [main] INFO  com.netflix.config.sources.URLConfigurationSource - To enable URLs as dynamic configuration sources, define System property archaius.configurationSource.additionalUrls or make config.properties available on classpath.
2024-08-14 08:40:04.903 [main] INFO  o.s.scheduling.concurrent.ThreadPoolTaskExecutor - Initializing ExecutorService 'applicationTaskExecutor'
2024-08-14 08:40:07.426 [main] INFO  org.springframework.cloud.commons.util.InetUtils - Cannot determine local hostname
2024-08-14 08:40:07.480 [main] INFO  o.s.scheduling.concurrent.ThreadPoolTaskScheduler - Initializing ExecutorService
2024-08-14 08:40:09.097 [main] INFO  org.springframework.cloud.commons.util.InetUtils - Cannot determine local hostname
2024-08-14 08:40:10.686 [main] INFO  org.springframework.cloud.commons.util.InetUtils - Cannot determine local hostname
2024-08-14 08:40:10.807 [main] INFO  s.d.s.web.plugins.DocumentationPluginsBootstrapper - Context refreshed
2024-08-14 08:40:10.832 [main] INFO  s.d.s.web.plugins.DocumentationPluginsBootstrapper - Found 1 custom documentation plugin(s)
2024-08-14 08:40:10.873 [main] INFO  s.d.spring.web.scanners.ApiListingReferenceScanner - Scanning for api listing references
2024-08-14 08:40:11.159 [main] INFO  s.d.s.w.r.operation.CachingOperationNameGenerator - Generating unique operation named: exportTemplateUsingGET_1
2024-08-14 08:40:11.215 [main] INFO  org.apache.coyote.http11.Http11NioProtocol - Starting ProtocolHandler ["http-nio-8001"]
2024-08-14 08:40:11.242 [main] INFO  o.s.boot.web.embedded.tomcat.TomcatWebServer - Tomcat started on port(s): 8001 (http) with context path ''
2024-08-14 08:40:11.351 [main] INFO  o.s.c.alibaba.nacos.registry.NacosServiceRegistry - nacos registry, service-edu 192.168.114.1:8001 register finished
2024-08-14 08:40:12.835 [main] INFO  org.springframework.cloud.commons.util.InetUtils - Cannot determine local hostname
2024-08-14 08:40:12.837 [main] INFO  com.yuunik.eduservice.EduApplication - Started EduApplication in 15.309 seconds (JVM running for 17.114)
2024-08-14 08:49:52.550 [http-nio-8001-exec-1] INFO  o.a.c.core.ContainerBase.[Tomcat].[localhost].[/] - Initializing Spring DispatcherServlet 'dispatcherServlet'
2024-08-14 08:49:52.551 [http-nio-8001-exec-1] INFO  org.springframework.web.servlet.DispatcherServlet - Initializing Servlet 'dispatcherServlet'
2024-08-14 08:49:52.559 [http-nio-8001-exec-1] INFO  org.springframework.web.servlet.DispatcherServlet - Completed initialization in 7 ms
2024-08-14 11:27:42.081 [SpringContextShutdownHook] INFO  o.s.c.alibaba.nacos.registry.NacosServiceRegistry - De-registering from Nacos Server now...
2024-08-14 11:27:42.087 [SpringContextShutdownHook] INFO  o.s.c.alibaba.nacos.registry.NacosServiceRegistry - De-registration finished.
2024-08-14 11:27:42.159 [SpringContextShutdownHook] INFO  o.s.scheduling.concurrent.ThreadPoolTaskExecutor - Shutting down ExecutorService 'applicationTaskExecutor'
2024-08-14 11:27:42.178 [SpringContextShutdownHook] INFO  com.zaxxer.hikari.HikariDataSource - HikariPool-1 - Shutdown initiated...
2024-08-14 11:27:42.183 [SpringContextShutdownHook] INFO  com.zaxxer.hikari.HikariDataSource - HikariPool-1 - Shutdown completed.
2024-08-14 11:28:00.819 [main] INFO  com.yuunik.eduservice.EduApplication - The following profiles are active: dev
2024-08-14 11:28:01.528 [main] INFO  o.s.d.r.config.RepositoryConfigurationDelegate - Multiple Spring Data modules found, entering strict repository configuration mode!
2024-08-14 11:28:01.531 [main] INFO  o.s.d.r.config.RepositoryConfigurationDelegate - Bootstrapping Spring Data repositories in DEFAULT mode.
2024-08-14 11:28:01.563 [main] INFO  o.s.d.r.config.RepositoryConfigurationDelegate - Finished Spring Data repository scanning in 17ms. Found 0 repository interfaces.
2024-08-14 11:28:01.864 [main] INFO  o.springframework.cloud.context.scope.GenericScope - BeanFactory id=2955e312-ff3b-3d5f-b680-62679f278379
2024-08-14 11:28:01.995 [main] INFO  o.s.c.s.PostProcessorRegistrationDelegate$BeanPostProcessorChecker - Bean 'org.springframework.transaction.annotation.ProxyTransactionManagementConfiguration' of type [org.springframework.transaction.annotation.ProxyTransactionManagementConfiguration] is not eligible for getting processed by all BeanPostProcessors (for example: not eligible for auto-proxying)
2024-08-14 11:28:02.031 [main] INFO  o.s.c.s.PostProcessorRegistrationDelegate$BeanPostProcessorChecker - Bean 'redisConfig' of type [com.yuunik.baseserive.config.RedisConfig$$EnhancerBySpringCGLIB$$d2aca2f5] is not eligible for getting processed by all BeanPostProcessors (for example: not eligible for auto-proxying)
2024-08-14 11:28:02.064 [main] INFO  o.s.c.s.PostProcessorRegistrationDelegate$BeanPostProcessorChecker - Bean 'org.springframework.cloud.autoconfigure.ConfigurationPropertiesRebinderAutoConfiguration' of type [org.springframework.cloud.autoconfigure.ConfigurationPropertiesRebinderAutoConfiguration] is not eligible for getting processed by all BeanPostProcessors (for example: not eligible for auto-proxying)
2024-08-14 11:28:02.343 [main] INFO  o.s.boot.web.embedded.tomcat.TomcatWebServer - Tomcat initialized with port(s): 8001 (http)
2024-08-14 11:28:02.351 [main] INFO  org.apache.coyote.http11.Http11NioProtocol - Initializing ProtocolHandler ["http-nio-8001"]
2024-08-14 11:28:02.352 [main] INFO  org.apache.catalina.core.StandardService - Starting service [Tomcat]
2024-08-14 11:28:02.352 [main] INFO  org.apache.catalina.core.StandardEngine - Starting Servlet engine: [Apache Tomcat/9.0.27]
2024-08-14 11:28:02.458 [main] INFO  o.a.c.core.ContainerBase.[Tomcat].[localhost].[/] - Initializing Spring embedded WebApplicationContext
2024-08-14 11:28:02.458 [main] INFO  org.springframework.web.context.ContextLoader - Root WebApplicationContext: initialization completed in 1616 ms
2024-08-14 11:28:02.705 [main] INFO  com.zaxxer.hikari.HikariDataSource - HikariPool-1 - Starting...
2024-08-14 11:28:02.883 [main] INFO  com.zaxxer.hikari.HikariDataSource - HikariPool-1 - Start completed.
2024-08-14 11:28:04.171 [main] INFO  s.d.s.w.PropertySourcedRequestMappingHandlerMapping - Mapped URL path [/v2/api-docs] onto method [springfox.documentation.swagger2.web.Swagger2Controller#getDocumentation(String, HttpServletRequest)]
2024-08-14 11:28:04.189 [main] INFO  com.netflix.config.sources.URLConfigurationSource - To enable URLs as dynamic configuration sources, define System property archaius.configurationSource.additionalUrls or make config.properties available on classpath.
2024-08-14 11:28:04.192 [main] INFO  com.netflix.config.sources.URLConfigurationSource - To enable URLs as dynamic configuration sources, define System property archaius.configurationSource.additionalUrls or make config.properties available on classpath.
2024-08-14 11:28:04.288 [main] INFO  o.s.scheduling.concurrent.ThreadPoolTaskExecutor - Initializing ExecutorService 'applicationTaskExecutor'
2024-08-14 11:28:05.223 [main] INFO  o.s.scheduling.concurrent.ThreadPoolTaskScheduler - Initializing ExecutorService
2024-08-14 11:28:06.628 [main] INFO  s.d.s.web.plugins.DocumentationPluginsBootstrapper - Context refreshed
2024-08-14 11:28:06.650 [main] INFO  s.d.s.web.plugins.DocumentationPluginsBootstrapper - Found 1 custom documentation plugin(s)
2024-08-14 11:28:06.700 [main] INFO  s.d.spring.web.scanners.ApiListingReferenceScanner - Scanning for api listing references
2024-08-14 11:28:06.895 [main] INFO  s.d.s.w.r.operation.CachingOperationNameGenerator - Generating unique operation named: exportTemplateUsingGET_1
2024-08-14 11:28:06.951 [main] INFO  org.apache.coyote.http11.Http11NioProtocol - Starting ProtocolHandler ["http-nio-8001"]
2024-08-14 11:28:06.973 [main] INFO  o.s.boot.web.embedded.tomcat.TomcatWebServer - Tomcat started on port(s): 8001 (http) with context path ''
2024-08-14 11:28:06.984 [main] INFO  o.s.c.alibaba.nacos.registry.NacosServiceRegistry - nacos registry, service-edu 192.168.114.1:8001 register finished
2024-08-14 11:28:07.473 [main] INFO  com.yuunik.eduservice.EduApplication - Started EduApplication in 8.739 seconds (JVM running for 11.801)
2024-08-14 11:28:25.552 [http-nio-8001-exec-1] INFO  o.a.c.core.ContainerBase.[Tomcat].[localhost].[/] - Initializing Spring DispatcherServlet 'dispatcherServlet'
2024-08-14 11:28:25.552 [http-nio-8001-exec-1] INFO  org.springframework.web.servlet.DispatcherServlet - Initializing Servlet 'dispatcherServlet'
2024-08-14 11:28:25.558 [http-nio-8001-exec-1] INFO  org.springframework.web.servlet.DispatcherServlet - Completed initialization in 5 ms
2024-08-14 11:30:06.241 [SpringContextShutdownHook] INFO  o.s.c.alibaba.nacos.registry.NacosServiceRegistry - De-registering from Nacos Server now...
2024-08-14 11:30:06.248 [SpringContextShutdownHook] INFO  o.s.c.alibaba.nacos.registry.NacosServiceRegistry - De-registration finished.
2024-08-14 11:30:06.249 [SpringContextShutdownHook] INFO  o.s.scheduling.concurrent.ThreadPoolTaskExecutor - Shutting down ExecutorService 'applicationTaskExecutor'
2024-08-14 11:30:06.286 [SpringContextShutdownHook] INFO  com.zaxxer.hikari.HikariDataSource - HikariPool-1 - Shutdown initiated...
2024-08-14 11:30:06.296 [SpringContextShutdownHook] INFO  com.zaxxer.hikari.HikariDataSource - HikariPool-1 - Shutdown completed.
2024-08-14 11:30:21.386 [main] INFO  com.yuunik.eduservice.EduApplication - The following profiles are active: dev
2024-08-14 11:30:22.113 [main] INFO  o.s.d.r.config.RepositoryConfigurationDelegate - Multiple Spring Data modules found, entering strict repository configuration mode!
2024-08-14 11:30:22.116 [main] INFO  o.s.d.r.config.RepositoryConfigurationDelegate - Bootstrapping Spring Data repositories in DEFAULT mode.
2024-08-14 11:30:22.137 [main] INFO  o.s.d.r.config.RepositoryConfigurationDelegate - Finished Spring Data repository scanning in 9ms. Found 0 repository interfaces.
2024-08-14 11:30:22.378 [main] INFO  o.springframework.cloud.context.scope.GenericScope - BeanFactory id=2955e312-ff3b-3d5f-b680-62679f278379
2024-08-14 11:30:22.499 [main] INFO  o.s.c.s.PostProcessorRegistrationDelegate$BeanPostProcessorChecker - Bean 'org.springframework.transaction.annotation.ProxyTransactionManagementConfiguration' of type [org.springframework.transaction.annotation.ProxyTransactionManagementConfiguration] is not eligible for getting processed by all BeanPostProcessors (for example: not eligible for auto-proxying)
2024-08-14 11:30:22.538 [main] INFO  o.s.c.s.PostProcessorRegistrationDelegate$BeanPostProcessorChecker - Bean 'redisConfig' of type [com.yuunik.baseserive.config.RedisConfig$$EnhancerBySpringCGLIB$$141e5a3f] is not eligible for getting processed by all BeanPostProcessors (for example: not eligible for auto-proxying)
2024-08-14 11:30:22.595 [main] INFO  o.s.c.s.PostProcessorRegistrationDelegate$BeanPostProcessorChecker - Bean 'org.springframework.cloud.autoconfigure.ConfigurationPropertiesRebinderAutoConfiguration' of type [org.springframework.cloud.autoconfigure.ConfigurationPropertiesRebinderAutoConfiguration] is not eligible for getting processed by all BeanPostProcessors (for example: not eligible for auto-proxying)
2024-08-14 11:30:22.893 [main] INFO  o.s.boot.web.embedded.tomcat.TomcatWebServer - Tomcat initialized with port(s): 8001 (http)
2024-08-14 11:30:22.901 [main] INFO  org.apache.coyote.http11.Http11NioProtocol - Initializing ProtocolHandler ["http-nio-8001"]
2024-08-14 11:30:22.901 [main] INFO  org.apache.catalina.core.StandardService - Starting service [Tomcat]
2024-08-14 11:30:22.902 [main] INFO  org.apache.catalina.core.StandardEngine - Starting Servlet engine: [Apache Tomcat/9.0.27]
2024-08-14 11:30:23.008 [main] INFO  o.a.c.core.ContainerBase.[Tomcat].[localhost].[/] - Initializing Spring embedded WebApplicationContext
2024-08-14 11:30:23.008 [main] INFO  org.springframework.web.context.ContextLoader - Root WebApplicationContext: initialization completed in 1602 ms
2024-08-14 11:30:23.232 [main] INFO  com.zaxxer.hikari.HikariDataSource - HikariPool-1 - Starting...
2024-08-14 11:30:23.394 [main] INFO  com.zaxxer.hikari.HikariDataSource - HikariPool-1 - Start completed.
2024-08-14 11:30:24.392 [main] INFO  s.d.s.w.PropertySourcedRequestMappingHandlerMapping - Mapped URL path [/v2/api-docs] onto method [springfox.documentation.swagger2.web.Swagger2Controller#getDocumentation(String, HttpServletRequest)]
2024-08-14 11:30:24.410 [main] INFO  com.netflix.config.sources.URLConfigurationSource - To enable URLs as dynamic configuration sources, define System property archaius.configurationSource.additionalUrls or make config.properties available on classpath.
2024-08-14 11:30:24.414 [main] INFO  com.netflix.config.sources.URLConfigurationSource - To enable URLs as dynamic configuration sources, define System property archaius.configurationSource.additionalUrls or make config.properties available on classpath.
2024-08-14 11:30:24.522 [main] INFO  o.s.scheduling.concurrent.ThreadPoolTaskExecutor - Initializing ExecutorService 'applicationTaskExecutor'
2024-08-14 11:30:25.384 [main] INFO  o.s.scheduling.concurrent.ThreadPoolTaskScheduler - Initializing ExecutorService
2024-08-14 11:30:26.430 [main] INFO  s.d.s.web.plugins.DocumentationPluginsBootstrapper - Context refreshed
2024-08-14 11:30:26.448 [main] INFO  s.d.s.web.plugins.DocumentationPluginsBootstrapper - Found 1 custom documentation plugin(s)
2024-08-14 11:30:26.496 [main] INFO  s.d.spring.web.scanners.ApiListingReferenceScanner - Scanning for api listing references
2024-08-14 11:30:26.678 [main] INFO  s.d.s.w.r.operation.CachingOperationNameGenerator - Generating unique operation named: exportTemplateUsingGET_1
2024-08-14 11:30:26.726 [main] INFO  org.apache.coyote.http11.Http11NioProtocol - Starting ProtocolHandler ["http-nio-8001"]
2024-08-14 11:30:26.747 [main] INFO  o.s.boot.web.embedded.tomcat.TomcatWebServer - Tomcat started on port(s): 8001 (http) with context path ''
2024-08-14 11:30:26.763 [main] INFO  o.s.c.alibaba.nacos.registry.NacosServiceRegistry - nacos registry, service-edu 192.168.114.1:8001 register finished
2024-08-14 11:30:27.328 [main] INFO  com.yuunik.eduservice.EduApplication - Started EduApplication in 7.628 seconds (JVM running for 8.57)
2024-08-14 11:30:39.424 [http-nio-8001-exec-1] INFO  o.a.c.core.ContainerBase.[Tomcat].[localhost].[/] - Initializing Spring DispatcherServlet 'dispatcherServlet'
2024-08-14 11:30:39.424 [http-nio-8001-exec-1] INFO  org.springframework.web.servlet.DispatcherServlet - Initializing Servlet 'dispatcherServlet'
2024-08-14 11:30:39.431 [http-nio-8001-exec-1] INFO  org.springframework.web.servlet.DispatcherServlet - Completed initialization in 7 ms
2024-08-14 11:30:39.693 [http-nio-8001-exec-3] INFO  io.lettuce.core.EpollProvider - Starting without optional epoll library
2024-08-14 11:30:39.695 [http-nio-8001-exec-3] INFO  io.lettuce.core.KqueueProvider - Starting without optional kqueue library
2024-08-14 11:32:12.277 [SpringContextShutdownHook] INFO  o.s.c.alibaba.nacos.registry.NacosServiceRegistry - De-registering from Nacos Server now...
2024-08-14 11:32:12.284 [SpringContextShutdownHook] INFO  o.s.c.alibaba.nacos.registry.NacosServiceRegistry - De-registration finished.
2024-08-14 11:32:12.287 [SpringContextShutdownHook] INFO  o.s.scheduling.concurrent.ThreadPoolTaskExecutor - Shutting down ExecutorService 'applicationTaskExecutor'
2024-08-14 11:32:12.424 [SpringContextShutdownHook] INFO  com.zaxxer.hikari.HikariDataSource - HikariPool-1 - Shutdown initiated...
2024-08-14 11:32:12.429 [SpringContextShutdownHook] INFO  com.zaxxer.hikari.HikariDataSource - HikariPool-1 - Shutdown completed.
2024-08-14 11:32:16.510 [main] INFO  com.yuunik.eduservice.EduApplication - The following profiles are active: dev
2024-08-14 11:32:17.131 [main] INFO  o.s.d.r.config.RepositoryConfigurationDelegate - Multiple Spring Data modules found, entering strict repository configuration mode!
2024-08-14 11:32:17.133 [main] INFO  o.s.d.r.config.RepositoryConfigurationDelegate - Bootstrapping Spring Data repositories in DEFAULT mode.
2024-08-14 11:32:17.156 [main] INFO  o.s.d.r.config.RepositoryConfigurationDelegate - Finished Spring Data repository scanning in 10ms. Found 0 repository interfaces.
2024-08-14 11:32:17.342 [main] INFO  o.springframework.cloud.context.scope.GenericScope - BeanFactory id=2955e312-ff3b-3d5f-b680-62679f278379
2024-08-14 11:32:17.431 [main] INFO  o.s.c.s.PostProcessorRegistrationDelegate$BeanPostProcessorChecker - Bean 'org.springframework.transaction.annotation.ProxyTransactionManagementConfiguration' of type [org.springframework.transaction.annotation.ProxyTransactionManagementConfiguration] is not eligible for getting processed by all BeanPostProcessors (for example: not eligible for auto-proxying)
2024-08-14 11:32:17.459 [main] INFO  o.s.c.s.PostProcessorRegistrationDelegate$BeanPostProcessorChecker - Bean 'redisConfig' of type [com.yuunik.baseserive.config.RedisConfig$$EnhancerBySpringCGLIB$$9d420e9a] is not eligible for getting processed by all BeanPostProcessors (for example: not eligible for auto-proxying)
2024-08-14 11:32:17.485 [main] INFO  o.s.c.s.PostProcessorRegistrationDelegate$BeanPostProcessorChecker - Bean 'org.springframework.cloud.autoconfigure.ConfigurationPropertiesRebinderAutoConfiguration' of type [org.springframework.cloud.autoconfigure.ConfigurationPropertiesRebinderAutoConfiguration] is not eligible for getting processed by all BeanPostProcessors (for example: not eligible for auto-proxying)
2024-08-14 11:32:17.710 [main] INFO  o.s.boot.web.embedded.tomcat.TomcatWebServer - Tomcat initialized with port(s): 8001 (http)
2024-08-14 11:32:17.718 [main] INFO  org.apache.coyote.http11.Http11NioProtocol - Initializing ProtocolHandler ["http-nio-8001"]
2024-08-14 11:32:17.718 [main] INFO  org.apache.catalina.core.StandardService - Starting service [Tomcat]
2024-08-14 11:32:17.718 [main] INFO  org.apache.catalina.core.StandardEngine - Starting Servlet engine: [Apache Tomcat/9.0.27]
2024-08-14 11:32:17.810 [main] INFO  o.a.c.core.ContainerBase.[Tomcat].[localhost].[/] - Initializing Spring embedded WebApplicationContext
2024-08-14 11:32:17.810 [main] INFO  org.springframework.web.context.ContextLoader - Root WebApplicationContext: initialization completed in 1283 ms
2024-08-14 11:32:18.009 [main] INFO  com.zaxxer.hikari.HikariDataSource - HikariPool-1 - Starting...
2024-08-14 11:32:18.144 [main] INFO  com.zaxxer.hikari.HikariDataSource - HikariPool-1 - Start completed.
2024-08-14 11:32:19.039 [main] INFO  s.d.s.w.PropertySourcedRequestMappingHandlerMapping - Mapped URL path [/v2/api-docs] onto method [springfox.documentation.swagger2.web.Swagger2Controller#getDocumentation(String, HttpServletRequest)]
2024-08-14 11:32:19.056 [main] INFO  com.netflix.config.sources.URLConfigurationSource - To enable URLs as dynamic configuration sources, define System property archaius.configurationSource.additionalUrls or make config.properties available on classpath.
2024-08-14 11:32:19.060 [main] INFO  com.netflix.config.sources.URLConfigurationSource - To enable URLs as dynamic configuration sources, define System property archaius.configurationSource.additionalUrls or make config.properties available on classpath.
2024-08-14 11:32:19.146 [main] INFO  o.s.scheduling.concurrent.ThreadPoolTaskExecutor - Initializing ExecutorService 'applicationTaskExecutor'
2024-08-14 11:32:19.809 [main] INFO  o.s.scheduling.concurrent.ThreadPoolTaskScheduler - Initializing ExecutorService
2024-08-14 11:32:20.671 [main] INFO  s.d.s.web.plugins.DocumentationPluginsBootstrapper - Context refreshed
2024-08-14 11:32:20.687 [main] INFO  s.d.s.web.plugins.DocumentationPluginsBootstrapper - Found 1 custom documentation plugin(s)
2024-08-14 11:32:20.718 [main] INFO  s.d.spring.web.scanners.ApiListingReferenceScanner - Scanning for api listing references
2024-08-14 11:32:20.903 [main] INFO  s.d.s.w.r.operation.CachingOperationNameGenerator - Generating unique operation named: exportTemplateUsingGET_1
2024-08-14 11:32:20.949 [main] INFO  org.apache.coyote.http11.Http11NioProtocol - Starting ProtocolHandler ["http-nio-8001"]
2024-08-14 11:32:20.968 [main] INFO  o.s.boot.web.embedded.tomcat.TomcatWebServer - Tomcat started on port(s): 8001 (http) with context path ''
2024-08-14 11:32:20.989 [main] INFO  o.s.c.alibaba.nacos.registry.NacosServiceRegistry - nacos registry, service-edu 192.168.114.1:8001 register finished
2024-08-14 11:32:21.377 [main] INFO  com.yuunik.eduservice.EduApplication - Started EduApplication in 6.478 seconds (JVM running for 7.381)
2024-08-14 11:32:30.014 [http-nio-8001-exec-2] INFO  o.a.c.core.ContainerBase.[Tomcat].[localhost].[/] - Initializing Spring DispatcherServlet 'dispatcherServlet'
2024-08-14 11:32:30.015 [http-nio-8001-exec-2] INFO  org.springframework.web.servlet.DispatcherServlet - Initializing Servlet 'dispatcherServlet'
2024-08-14 11:32:30.022 [http-nio-8001-exec-2] INFO  org.springframework.web.servlet.DispatcherServlet - Completed initialization in 7 ms
2024-08-14 11:32:30.251 [http-nio-8001-exec-2] INFO  io.lettuce.core.EpollProvider - Starting without optional epoll library
2024-08-14 11:32:30.253 [http-nio-8001-exec-2] INFO  io.lettuce.core.KqueueProvider - Starting without optional kqueue library
2024-08-14 11:34:46.194 [SpringContextShutdownHook] INFO  o.s.c.alibaba.nacos.registry.NacosServiceRegistry - De-registering from Nacos Server now...
2024-08-14 11:34:46.205 [SpringContextShutdownHook] INFO  o.s.c.alibaba.nacos.registry.NacosServiceRegistry - De-registration finished.
2024-08-14 11:34:46.206 [SpringContextShutdownHook] INFO  o.s.scheduling.concurrent.ThreadPoolTaskExecutor - Shutting down ExecutorService 'applicationTaskExecutor'
2024-08-14 11:34:46.344 [SpringContextShutdownHook] INFO  com.zaxxer.hikari.HikariDataSource - HikariPool-1 - Shutdown initiated...
2024-08-14 11:34:46.350 [SpringContextShutdownHook] INFO  com.zaxxer.hikari.HikariDataSource - HikariPool-1 - Shutdown completed.
2024-08-15 17:24:49.557 [main] INFO  com.yuunik.eduservice.EduApplication - The following profiles are active: dev
2024-08-15 17:24:50.403 [main] INFO  o.s.d.r.config.RepositoryConfigurationDelegate - Multiple Spring Data modules found, entering strict repository configuration mode!
2024-08-15 17:24:50.405 [main] INFO  o.s.d.r.config.RepositoryConfigurationDelegate - Bootstrapping Spring Data repositories in DEFAULT mode.
2024-08-15 17:24:50.431 [main] INFO  o.s.d.r.config.RepositoryConfigurationDelegate - Finished Spring Data repository scanning in 9ms. Found 0 repository interfaces.
2024-08-15 17:24:50.657 [main] INFO  o.springframework.cloud.context.scope.GenericScope - BeanFactory id=2955e312-ff3b-3d5f-b680-62679f278379
2024-08-15 17:24:50.758 [main] INFO  o.s.c.s.PostProcessorRegistrationDelegate$BeanPostProcessorChecker - Bean 'org.springframework.transaction.annotation.ProxyTransactionManagementConfiguration' of type [org.springframework.transaction.annotation.ProxyTransactionManagementConfiguration] is not eligible for getting processed by all BeanPostProcessors (for example: not eligible for auto-proxying)
2024-08-15 17:24:50.790 [main] INFO  o.s.c.s.PostProcessorRegistrationDelegate$BeanPostProcessorChecker - Bean 'redisConfig' of type [com.yuunik.baseserive.config.RedisConfig$$EnhancerBySpringCGLIB$$9bbd883a] is not eligible for getting processed by all BeanPostProcessors (for example: not eligible for auto-proxying)
2024-08-15 17:24:50.817 [main] INFO  o.s.c.s.PostProcessorRegistrationDelegate$BeanPostProcessorChecker - Bean 'org.springframework.cloud.autoconfigure.ConfigurationPropertiesRebinderAutoConfiguration' of type [org.springframework.cloud.autoconfigure.ConfigurationPropertiesRebinderAutoConfiguration] is not eligible for getting processed by all BeanPostProcessors (for example: not eligible for auto-proxying)
2024-08-15 17:24:51.064 [main] INFO  o.s.boot.web.embedded.tomcat.TomcatWebServer - Tomcat initialized with port(s): 8001 (http)
2024-08-15 17:24:51.073 [main] INFO  org.apache.coyote.http11.Http11NioProtocol - Initializing ProtocolHandler ["http-nio-8001"]
2024-08-15 17:24:51.074 [main] INFO  org.apache.catalina.core.StandardService - Starting service [Tomcat]
2024-08-15 17:24:51.074 [main] INFO  org.apache.catalina.core.StandardEngine - Starting Servlet engine: [Apache Tomcat/9.0.27]
2024-08-15 17:24:51.191 [main] INFO  o.a.c.core.ContainerBase.[Tomcat].[localhost].[/] - Initializing Spring embedded WebApplicationContext
2024-08-15 17:24:51.192 [main] INFO  org.springframework.web.context.ContextLoader - Root WebApplicationContext: initialization completed in 1602 ms
2024-08-15 17:24:51.408 [main] INFO  com.zaxxer.hikari.HikariDataSource - HikariPool-1 - Starting...
2024-08-15 17:24:51.546 [main] INFO  com.zaxxer.hikari.HikariDataSource - HikariPool-1 - Start completed.
2024-08-15 17:24:52.696 [main] INFO  s.d.s.w.PropertySourcedRequestMappingHandlerMapping - Mapped URL path [/v2/api-docs] onto method [springfox.documentation.swagger2.web.Swagger2Controller#getDocumentation(String, HttpServletRequest)]
2024-08-15 17:24:52.723 [main] INFO  com.netflix.config.sources.URLConfigurationSource - To enable URLs as dynamic configuration sources, define System property archaius.configurationSource.additionalUrls or make config.properties available on classpath.
2024-08-15 17:24:52.729 [main] INFO  com.netflix.config.sources.URLConfigurationSource - To enable URLs as dynamic configuration sources, define System property archaius.configurationSource.additionalUrls or make config.properties available on classpath.
2024-08-15 17:24:52.969 [main] INFO  o.s.scheduling.concurrent.ThreadPoolTaskExecutor - Initializing ExecutorService 'applicationTaskExecutor'
2024-08-15 17:24:54.057 [main] INFO  o.s.scheduling.concurrent.ThreadPoolTaskScheduler - Initializing ExecutorService
2024-08-15 17:24:55.150 [main] INFO  s.d.s.web.plugins.DocumentationPluginsBootstrapper - Context refreshed
2024-08-15 17:24:55.167 [main] INFO  s.d.s.web.plugins.DocumentationPluginsBootstrapper - Found 1 custom documentation plugin(s)
2024-08-15 17:24:55.196 [main] INFO  s.d.spring.web.scanners.ApiListingReferenceScanner - Scanning for api listing references
2024-08-15 17:24:55.377 [main] INFO  s.d.s.w.r.operation.CachingOperationNameGenerator - Generating unique operation named: exportTemplateUsingGET_1
2024-08-15 17:24:55.423 [main] INFO  org.apache.coyote.http11.Http11NioProtocol - Starting ProtocolHandler ["http-nio-8001"]
2024-08-15 17:24:55.445 [main] INFO  o.s.boot.web.embedded.tomcat.TomcatWebServer - Tomcat started on port(s): 8001 (http) with context path ''
2024-08-15 17:24:58.155 [main] INFO  com.yuunik.eduservice.EduApplication - Started EduApplication in 10.44 seconds (JVM running for 11.775)
2024-08-15 17:25:15.148 [http-nio-8001-exec-1] INFO  o.a.c.core.ContainerBase.[Tomcat].[localhost].[/] - Initializing Spring DispatcherServlet 'dispatcherServlet'
2024-08-15 17:25:15.148 [http-nio-8001-exec-1] INFO  org.springframework.web.servlet.DispatcherServlet - Initializing Servlet 'dispatcherServlet'
2024-08-15 17:25:15.156 [http-nio-8001-exec-1] INFO  org.springframework.web.servlet.DispatcherServlet - Completed initialization in 8 ms
2024-08-15 17:25:15.414 [http-nio-8001-exec-1] INFO  io.lettuce.core.EpollProvider - Starting without optional epoll library
2024-08-15 17:25:15.415 [http-nio-8001-exec-1] INFO  io.lettuce.core.KqueueProvider - Starting without optional kqueue library
2024-08-15 17:54:44.535 [SpringContextShutdownHook] INFO  o.s.c.alibaba.nacos.registry.NacosServiceRegistry - De-registering from Nacos Server now...
2024-08-15 17:54:46.570 [SpringContextShutdownHook] INFO  o.s.c.alibaba.nacos.registry.NacosServiceRegistry - De-registration finished.
2024-08-15 17:54:46.571 [SpringContextShutdownHook] INFO  o.s.scheduling.concurrent.ThreadPoolTaskExecutor - Shutting down ExecutorService 'applicationTaskExecutor'
2024-08-15 17:54:46.706 [SpringContextShutdownHook] INFO  com.zaxxer.hikari.HikariDataSource - HikariPool-1 - Shutdown initiated...
2024-08-15 17:54:46.713 [SpringContextShutdownHook] INFO  com.zaxxer.hikari.HikariDataSource - HikariPool-1 - Shutdown completed.
2024-08-21 10:07:59.727 [main] INFO  com.yuunik.eduservice.EduApplication - The following profiles are active: dev
2024-08-21 10:08:01.089 [main] INFO  o.s.d.r.config.RepositoryConfigurationDelegate - Multiple Spring Data modules found, entering strict repository configuration mode!
2024-08-21 10:08:01.094 [main] INFO  o.s.d.r.config.RepositoryConfigurationDelegate - Bootstrapping Spring Data repositories in DEFAULT mode.
2024-08-21 10:08:01.142 [main] INFO  o.s.d.r.config.RepositoryConfigurationDelegate - Finished Spring Data repository scanning in 20ms. Found 0 repository interfaces.
2024-08-21 10:08:01.477 [main] INFO  o.springframework.cloud.context.scope.GenericScope - BeanFactory id=2955e312-ff3b-3d5f-b680-62679f278379
2024-08-21 10:08:01.622 [main] INFO  o.s.c.s.PostProcessorRegistrationDelegate$BeanPostProcessorChecker - Bean 'org.springframework.transaction.annotation.ProxyTransactionManagementConfiguration' of type [org.springframework.transaction.annotation.ProxyTransactionManagementConfiguration] is not eligible for getting processed by all BeanPostProcessors (for example: not eligible for auto-proxying)
2024-08-21 10:08:01.671 [main] INFO  o.s.c.s.PostProcessorRegistrationDelegate$BeanPostProcessorChecker - Bean 'redisConfig' of type [com.yuunik.baseserive.config.RedisConfig$$EnhancerBySpringCGLIB$$c23c6d95] is not eligible for getting processed by all BeanPostProcessors (for example: not eligible for auto-proxying)
2024-08-21 10:08:01.716 [main] INFO  o.s.c.s.PostProcessorRegistrationDelegate$BeanPostProcessorChecker - Bean 'org.springframework.cloud.autoconfigure.ConfigurationPropertiesRebinderAutoConfiguration' of type [org.springframework.cloud.autoconfigure.ConfigurationPropertiesRebinderAutoConfiguration] is not eligible for getting processed by all BeanPostProcessors (for example: not eligible for auto-proxying)
2024-08-21 10:08:02.113 [main] INFO  o.s.boot.web.embedded.tomcat.TomcatWebServer - Tomcat initialized with port(s): 8001 (http)
2024-08-21 10:08:02.129 [main] INFO  org.apache.coyote.http11.Http11NioProtocol - Initializing ProtocolHandler ["http-nio-8001"]
2024-08-21 10:08:02.130 [main] INFO  org.apache.catalina.core.StandardService - Starting service [Tomcat]
2024-08-21 10:08:02.130 [main] INFO  org.apache.catalina.core.StandardEngine - Starting Servlet engine: [Apache Tomcat/9.0.27]
2024-08-21 10:08:02.318 [main] INFO  o.a.c.core.ContainerBase.[Tomcat].[localhost].[/] - Initializing Spring embedded WebApplicationContext
2024-08-21 10:08:02.319 [main] INFO  org.springframework.web.context.ContextLoader - Root WebApplicationContext: initialization completed in 2553 ms
2024-08-21 10:08:02.635 [main] INFO  com.zaxxer.hikari.HikariDataSource - HikariPool-1 - Starting...
2024-08-21 10:08:03.027 [main] INFO  com.zaxxer.hikari.HikariDataSource - HikariPool-1 - Start completed.
2024-08-21 10:08:04.577 [main] INFO  s.d.s.w.PropertySourcedRequestMappingHandlerMapping - Mapped URL path [/v2/api-docs] onto method [springfox.documentation.swagger2.web.Swagger2Controller#getDocumentation(String, HttpServletRequest)]
2024-08-21 10:08:04.605 [main] INFO  com.netflix.config.sources.URLConfigurationSource - To enable URLs as dynamic configuration sources, define System property archaius.configurationSource.additionalUrls or make config.properties available on classpath.
2024-08-21 10:08:04.615 [main] INFO  com.netflix.config.sources.URLConfigurationSource - To enable URLs as dynamic configuration sources, define System property archaius.configurationSource.additionalUrls or make config.properties available on classpath.
2024-08-21 10:08:04.760 [main] INFO  o.s.scheduling.concurrent.ThreadPoolTaskExecutor - Initializing ExecutorService 'applicationTaskExecutor'
2024-08-21 10:08:06.751 [main] INFO  org.springframework.cloud.commons.util.InetUtils - Cannot determine local hostname
2024-08-21 10:08:06.813 [main] INFO  o.s.scheduling.concurrent.ThreadPoolTaskScheduler - Initializing ExecutorService
2024-08-21 10:08:08.427 [main] INFO  org.springframework.cloud.commons.util.InetUtils - Cannot determine local hostname
2024-08-21 10:08:09.967 [main] INFO  org.springframework.cloud.commons.util.InetUtils - Cannot determine local hostname
2024-08-21 10:08:10.117 [main] INFO  s.d.s.web.plugins.DocumentationPluginsBootstrapper - Context refreshed
2024-08-21 10:08:10.145 [main] INFO  s.d.s.web.plugins.DocumentationPluginsBootstrapper - Found 1 custom documentation plugin(s)
2024-08-21 10:08:10.211 [main] INFO  s.d.spring.web.scanners.ApiListingReferenceScanner - Scanning for api listing references
2024-08-21 10:08:10.487 [main] INFO  s.d.s.w.r.operation.CachingOperationNameGenerator - Generating unique operation named: exportTemplateUsingGET_1
2024-08-21 10:08:10.592 [main] INFO  org.apache.coyote.http11.Http11NioProtocol - Starting ProtocolHandler ["http-nio-8001"]
2024-08-21 10:08:10.635 [main] INFO  o.s.boot.web.embedded.tomcat.TomcatWebServer - Tomcat started on port(s): 8001 (http) with context path ''
2024-08-21 10:08:10.718 [main] INFO  o.s.c.alibaba.nacos.registry.NacosServiceRegistry - nacos registry, service-edu 192.168.114.1:8001 register finished
2024-08-21 10:08:12.280 [main] INFO  org.springframework.cloud.commons.util.InetUtils - Cannot determine local hostname
2024-08-21 10:08:12.282 [main] INFO  com.yuunik.eduservice.EduApplication - Started EduApplication in 17.944 seconds (JVM running for 20.688)
2024-08-21 10:08:35.807 [http-nio-8001-exec-5] INFO  o.a.c.core.ContainerBase.[Tomcat].[localhost].[/] - Initializing Spring DispatcherServlet 'dispatcherServlet'
2024-08-21 10:08:35.807 [http-nio-8001-exec-5] INFO  org.springframework.web.servlet.DispatcherServlet - Initializing Servlet 'dispatcherServlet'
2024-08-21 10:08:35.817 [http-nio-8001-exec-5] INFO  org.springframework.web.servlet.DispatcherServlet - Completed initialization in 9 ms
2024-08-21 10:08:36.260 [http-nio-8001-exec-3] INFO  io.lettuce.core.EpollProvider - Starting without optional epoll library
2024-08-21 10:08:36.262 [http-nio-8001-exec-3] INFO  io.lettuce.core.KqueueProvider - Starting without optional kqueue library
2024-08-21 17:59:03.321 [lettuce-eventExecutorLoop-1-7] INFO  io.lettuce.core.protocol.ConnectionWatchdog - Reconnecting, last destination was www.edu.com/192.168.66.77:6379
2024-08-21 17:59:17.617 [lettuce-eventExecutorLoop-1-10] INFO  io.lettuce.core.protocol.ConnectionWatchdog - Reconnecting, last destination was www.edu.com:6379
2024-08-21 17:59:27.720 [lettuce-eventExecutorLoop-1-11] INFO  io.lettuce.core.protocol.ConnectionWatchdog - Reconnecting, last destination was www.edu.com:6379
2024-08-21 17:59:37.825 [lettuce-eventExecutorLoop-1-12] INFO  io.lettuce.core.protocol.ConnectionWatchdog - Reconnecting, last destination was www.edu.com:6379
2024-08-21 17:59:47.917 [lettuce-eventExecutorLoop-1-13] INFO  io.lettuce.core.protocol.ConnectionWatchdog - Reconnecting, last destination was www.edu.com:6379
2024-08-21 17:59:58.117 [lettuce-eventExecutorLoop-1-14] INFO  io.lettuce.core.protocol.ConnectionWatchdog - Reconnecting, last destination was www.edu.com:6379
2024-08-21 18:00:08.417 [lettuce-eventExecutorLoop-1-15] INFO  io.lettuce.core.protocol.ConnectionWatchdog - Reconnecting, last destination was www.edu.com:6379
2024-08-21 18:00:19.024 [lettuce-eventExecutorLoop-1-16] INFO  io.lettuce.core.protocol.ConnectionWatchdog - Reconnecting, last destination was www.edu.com:6379
2024-08-21 18:00:30.119 [lettuce-eventExecutorLoop-1-1] INFO  io.lettuce.core.protocol.ConnectionWatchdog - Reconnecting, last destination was www.edu.com:6379
2024-09-02 17:42:53.664 [main] INFO  com.yuunik.eduservice.EduApplication - The following profiles are active: dev
2024-09-02 17:42:54.472 [main] INFO  o.s.d.r.config.RepositoryConfigurationDelegate - Multiple Spring Data modules found, entering strict repository configuration mode!
2024-09-02 17:42:54.475 [main] INFO  o.s.d.r.config.RepositoryConfigurationDelegate - Bootstrapping Spring Data repositories in DEFAULT mode.
2024-09-02 17:42:54.509 [main] INFO  o.s.d.r.config.RepositoryConfigurationDelegate - Finished Spring Data repository scanning in 15ms. Found 0 repository interfaces.
2024-09-02 17:42:54.752 [main] INFO  o.springframework.cloud.context.scope.GenericScope - BeanFactory id=e883239d-b318-38a2-914e-31c099c9515c
2024-09-02 17:42:54.852 [main] INFO  o.s.c.s.PostProcessorRegistrationDelegate$BeanPostProcessorChecker - Bean 'org.springframework.transaction.annotation.ProxyTransactionManagementConfiguration' of type [org.springframework.transaction.annotation.ProxyTransactionManagementConfiguration] is not eligible for getting processed by all BeanPostProcessors (for example: not eligible for auto-proxying)
2024-09-02 17:42:54.885 [main] INFO  o.s.c.s.PostProcessorRegistrationDelegate$BeanPostProcessorChecker - Bean 'redisConfig' of type [com.yuunik.baseserive.config.RedisConfig$$EnhancerBySpringCGLIB$$bff01529] is not eligible for getting processed by all BeanPostProcessors (for example: not eligible for auto-proxying)
2024-09-02 17:42:54.928 [main] INFO  o.s.c.s.PostProcessorRegistrationDelegate$BeanPostProcessorChecker - Bean 'org.springframework.cloud.autoconfigure.ConfigurationPropertiesRebinderAutoConfiguration' of type [org.springframework.cloud.autoconfigure.ConfigurationPropertiesRebinderAutoConfiguration] is not eligible for getting processed by all BeanPostProcessors (for example: not eligible for auto-proxying)
2024-09-02 17:42:55.202 [main] INFO  o.s.boot.web.embedded.tomcat.TomcatWebServer - Tomcat initialized with port(s): 8001 (http)
2024-09-02 17:42:55.212 [main] INFO  org.apache.coyote.http11.Http11NioProtocol - Initializing ProtocolHandler ["http-nio-8001"]
2024-09-02 17:42:55.212 [main] INFO  org.apache.catalina.core.StandardService - Starting service [Tomcat]
2024-09-02 17:42:55.213 [main] INFO  org.apache.catalina.core.StandardEngine - Starting Servlet engine: [Apache Tomcat/9.0.27]
2024-09-02 17:42:55.316 [main] INFO  o.a.c.core.ContainerBase.[Tomcat].[localhost].[/] - Initializing Spring embedded WebApplicationContext
2024-09-02 17:42:55.316 [main] INFO  org.springframework.web.context.ContextLoader - Root WebApplicationContext: initialization completed in 1624 ms
2024-09-02 17:42:55.547 [main] INFO  com.zaxxer.hikari.HikariDataSource - HikariPool-1 - Starting...
2024-09-02 17:42:58.086 [main] INFO  com.zaxxer.hikari.HikariDataSource - HikariPool-1 - Start completed.
2024-09-02 17:42:59.165 [main] INFO  s.d.s.w.PropertySourcedRequestMappingHandlerMapping - Mapped URL path [/v2/api-docs] onto method [springfox.documentation.swagger2.web.Swagger2Controller#getDocumentation(String, HttpServletRequest)]
2024-09-02 17:42:59.184 [main] INFO  com.netflix.config.sources.URLConfigurationSource - To enable URLs as dynamic configuration sources, define System property archaius.configurationSource.additionalUrls or make config.properties available on classpath.
2024-09-02 17:42:59.192 [main] INFO  com.netflix.config.sources.URLConfigurationSource - To enable URLs as dynamic configuration sources, define System property archaius.configurationSource.additionalUrls or make config.properties available on classpath.
2024-09-02 17:42:59.286 [main] INFO  o.s.scheduling.concurrent.ThreadPoolTaskExecutor - Initializing ExecutorService 'applicationTaskExecutor'
2024-09-02 17:43:01.076 [main] INFO  org.springframework.cloud.commons.util.InetUtils - Cannot determine local hostname
2024-09-02 17:43:01.122 [main] INFO  o.s.scheduling.concurrent.ThreadPoolTaskScheduler - Initializing ExecutorService
2024-09-02 17:43:02.546 [main] INFO  org.springframework.cloud.commons.util.InetUtils - Cannot determine local hostname
2024-09-02 17:43:04.082 [main] INFO  org.springframework.cloud.commons.util.InetUtils - Cannot determine local hostname
2024-09-02 17:43:04.197 [main] INFO  s.d.s.web.plugins.DocumentationPluginsBootstrapper - Context refreshed
2024-09-02 17:43:04.215 [main] INFO  s.d.s.web.plugins.DocumentationPluginsBootstrapper - Found 1 custom documentation plugin(s)
2024-09-02 17:43:04.248 [main] INFO  s.d.spring.web.scanners.ApiListingReferenceScanner - Scanning for api listing references
2024-09-02 17:43:04.455 [main] INFO  s.d.s.w.r.operation.CachingOperationNameGenerator - Generating unique operation named: exportTemplateUsingGET_1
2024-09-02 17:43:04.502 [main] INFO  org.apache.coyote.http11.Http11NioProtocol - Starting ProtocolHandler ["http-nio-8001"]
2024-09-02 17:43:04.523 [main] INFO  o.s.boot.web.embedded.tomcat.TomcatWebServer - Tomcat started on port(s): 8001 (http) with context path ''
2024-09-02 17:43:08.045 [main] INFO  org.springframework.cloud.commons.util.InetUtils - Cannot determine local hostname
2024-09-02 17:43:08.050 [main] INFO  com.yuunik.eduservice.EduApplication - Started EduApplication in 18.217 seconds (JVM running for 20.007)
2024-09-02 17:43:43.737 [SpringContextShutdownHook] INFO  o.s.c.alibaba.nacos.registry.NacosServiceRegistry - De-registering from Nacos Server now...
2024-09-02 17:43:45.764 [SpringContextShutdownHook] INFO  o.s.c.alibaba.nacos.registry.NacosServiceRegistry - De-registration finished.
2024-09-02 17:43:45.765 [SpringContextShutdownHook] INFO  o.s.scheduling.concurrent.ThreadPoolTaskExecutor - Shutting down ExecutorService 'applicationTaskExecutor'
2024-09-02 17:43:45.788 [SpringContextShutdownHook] INFO  com.zaxxer.hikari.HikariDataSource - HikariPool-1 - Shutdown initiated...
2024-09-02 17:43:45.798 [SpringContextShutdownHook] INFO  com.zaxxer.hikari.HikariDataSource - HikariPool-1 - Shutdown completed.
2024-09-02 17:48:27.552 [main] INFO  com.yuunik.eduservice.EduApplication - The following profiles are active: dev
2024-09-02 17:48:28.223 [main] INFO  o.s.d.r.config.RepositoryConfigurationDelegate - Multiple Spring Data modules found, entering strict repository configuration mode!
2024-09-02 17:48:28.225 [main] INFO  o.s.d.r.config.RepositoryConfigurationDelegate - Bootstrapping Spring Data repositories in DEFAULT mode.
2024-09-02 17:48:28.249 [main] INFO  o.s.d.r.config.RepositoryConfigurationDelegate - Finished Spring Data repository scanning in 13ms. Found 0 repository interfaces.
2024-09-02 17:48:28.453 [main] INFO  o.springframework.cloud.context.scope.GenericScope - BeanFactory id=e883239d-b318-38a2-914e-31c099c9515c
2024-09-02 17:48:28.548 [main] INFO  o.s.c.s.PostProcessorRegistrationDelegate$BeanPostProcessorChecker - Bean 'org.springframework.transaction.annotation.ProxyTransactionManagementConfiguration' of type [org.springframework.transaction.annotation.ProxyTransactionManagementConfiguration] is not eligible for getting processed by all BeanPostProcessors (for example: not eligible for auto-proxying)
2024-09-02 17:48:28.577 [main] INFO  o.s.c.s.PostProcessorRegistrationDelegate$BeanPostProcessorChecker - Bean 'redisConfig' of type [com.yuunik.baseserive.config.RedisConfig$$EnhancerBySpringCGLIB$$2a986b1f] is not eligible for getting processed by all BeanPostProcessors (for example: not eligible for auto-proxying)
2024-09-02 17:48:28.605 [main] INFO  o.s.c.s.PostProcessorRegistrationDelegate$BeanPostProcessorChecker - Bean 'org.springframework.cloud.autoconfigure.ConfigurationPropertiesRebinderAutoConfiguration' of type [org.springframework.cloud.autoconfigure.ConfigurationPropertiesRebinderAutoConfiguration] is not eligible for getting processed by all BeanPostProcessors (for example: not eligible for auto-proxying)
2024-09-02 17:48:28.829 [main] INFO  o.s.boot.web.embedded.tomcat.TomcatWebServer - Tomcat initialized with port(s): 8001 (http)
2024-09-02 17:48:28.837 [main] INFO  org.apache.coyote.http11.Http11NioProtocol - Initializing ProtocolHandler ["http-nio-8001"]
2024-09-02 17:48:28.837 [main] INFO  org.apache.catalina.core.StandardService - Starting service [Tomcat]
2024-09-02 17:48:28.837 [main] INFO  org.apache.catalina.core.StandardEngine - Starting Servlet engine: [Apache Tomcat/9.0.27]
2024-09-02 17:48:28.936 [main] INFO  o.a.c.core.ContainerBase.[Tomcat].[localhost].[/] - Initializing Spring embedded WebApplicationContext
2024-09-02 17:48:28.937 [main] INFO  org.springframework.web.context.ContextLoader - Root WebApplicationContext: initialization completed in 1366 ms
2024-09-02 17:48:29.144 [main] INFO  com.zaxxer.hikari.HikariDataSource - HikariPool-1 - Starting...
2024-09-02 17:48:29.269 [main] INFO  com.zaxxer.hikari.HikariDataSource - HikariPool-1 - Start completed.
2024-09-02 17:48:30.210 [main] INFO  s.d.s.w.PropertySourcedRequestMappingHandlerMapping - Mapped URL path [/v2/api-docs] onto method [springfox.documentation.swagger2.web.Swagger2Controller#getDocumentation(String, HttpServletRequest)]
2024-09-02 17:48:30.229 [main] INFO  com.netflix.config.sources.URLConfigurationSource - To enable URLs as dynamic configuration sources, define System property archaius.configurationSource.additionalUrls or make config.properties available on classpath.
2024-09-02 17:48:30.233 [main] INFO  com.netflix.config.sources.URLConfigurationSource - To enable URLs as dynamic configuration sources, define System property archaius.configurationSource.additionalUrls or make config.properties available on classpath.
2024-09-02 17:48:30.336 [main] INFO  o.s.scheduling.concurrent.ThreadPoolTaskExecutor - Initializing ExecutorService 'applicationTaskExecutor'
2024-09-02 17:48:31.992 [main] INFO  org.springframework.cloud.commons.util.InetUtils - Cannot determine local hostname
2024-09-02 17:48:32.028 [main] INFO  o.s.scheduling.concurrent.ThreadPoolTaskScheduler - Initializing ExecutorService
2024-09-02 17:48:33.420 [main] INFO  org.springframework.cloud.commons.util.InetUtils - Cannot determine local hostname
2024-09-02 17:48:34.800 [main] INFO  org.springframework.cloud.commons.util.InetUtils - Cannot determine local hostname
2024-09-02 17:48:34.892 [main] INFO  s.d.s.web.plugins.DocumentationPluginsBootstrapper - Context refreshed
2024-09-02 17:48:34.911 [main] INFO  s.d.s.web.plugins.DocumentationPluginsBootstrapper - Found 1 custom documentation plugin(s)
2024-09-02 17:48:34.947 [main] INFO  s.d.spring.web.scanners.ApiListingReferenceScanner - Scanning for api listing references
2024-09-02 17:48:35.123 [main] INFO  s.d.s.w.r.operation.CachingOperationNameGenerator - Generating unique operation named: exportTemplateUsingGET_1
2024-09-02 17:48:35.171 [main] INFO  org.apache.coyote.http11.Http11NioProtocol - Starting ProtocolHandler ["http-nio-8001"]
2024-09-02 17:48:35.191 [main] INFO  o.s.boot.web.embedded.tomcat.TomcatWebServer - Tomcat started on port(s): 8001 (http) with context path ''
2024-09-02 17:48:38.714 [main] INFO  org.springframework.cloud.commons.util.InetUtils - Cannot determine local hostname
2024-09-02 17:48:38.717 [main] INFO  com.yuunik.eduservice.EduApplication - Started EduApplication in 14.805 seconds (JVM running for 15.776)
2024-09-02 17:51:35.494 [http-nio-8001-exec-2] INFO  o.a.c.core.ContainerBase.[Tomcat].[localhost].[/] - Initializing Spring DispatcherServlet 'dispatcherServlet'
2024-09-02 17:51:35.494 [http-nio-8001-exec-2] INFO  org.springframework.web.servlet.DispatcherServlet - Initializing Servlet 'dispatcherServlet'
2024-09-02 17:51:35.501 [http-nio-8001-exec-2] INFO  org.springframework.web.servlet.DispatcherServlet - Completed initialization in 7 ms
