2024-06-21 00:48:55.237 [main] INFO  com.yuunik.eduservice.EduApplication - Starting EduApplication on LAPTOP-BE590U33 with PID 948 (D:\Zhou\full-stack\project\edu-system\edu\service\service-edu\target\classes started by ZHJT in D:\Zhou\full-stack\project\edu-system\edu)
2024-06-21 00:48:55.245 [main] INFO  com.yuunik.eduservice.EduApplication - The following profiles are active: dev
2024-06-21 00:48:56.358 [main] INFO  o.s.d.r.config.RepositoryConfigurationDelegate - Multiple Spring Data modules found, entering strict repository configuration mode!
2024-06-21 00:48:56.361 [main] INFO  o.s.d.r.config.RepositoryConfigurationDelegate - Bootstrapping Spring Data repositories in DEFAULT mode.
2024-06-21 00:48:56.399 [main] INFO  o.s.d.r.config.RepositoryConfigurationDelegate - Finished Spring Data repository scanning in 14ms. Found 0 repository interfaces.
2024-06-21 00:48:56.765 [main] INFO  o.s.c.s.PostProcessorRegistrationDelegate$BeanPostProcessorChecker - Bean 'org.springframework.transaction.annotation.ProxyTransactionManagementConfiguration' of type [org.springframework.transaction.annotation.ProxyTransactionManagementConfiguration] is not eligible for getting processed by all BeanPostProcessors (for example: not eligible for auto-proxying)
2024-06-21 00:48:57.122 [main] INFO  o.s.boot.web.embedded.tomcat.TomcatWebServer - Tomcat initialized with port(s): 8001 (http)
2024-06-21 00:48:57.136 [main] INFO  org.apache.coyote.http11.Http11NioProtocol - Initializing ProtocolHandler ["http-nio-8001"]
2024-06-21 00:48:57.138 [main] INFO  org.apache.catalina.core.StandardService - Starting service [Tomcat]
2024-06-21 00:48:57.138 [main] INFO  org.apache.catalina.core.StandardEngine - Starting Servlet engine: [Apache Tomcat/9.0.27]
2024-06-21 00:48:57.278 [main] INFO  o.a.c.core.ContainerBase.[Tomcat].[localhost].[/] - Initializing Spring embedded WebApplicationContext
2024-06-21 00:48:57.278 [main] INFO  org.springframework.web.context.ContextLoader - Root WebApplicationContext: initialization completed in 1940 ms
2024-06-21 00:48:57.586 [main] INFO  com.zaxxer.hikari.HikariDataSource - HikariPool-1 - Starting...
2024-06-21 00:49:18.776 [main] INFO  org.apache.catalina.core.StandardService - Stopping service [Tomcat]
2024-06-21 00:49:18.842 [main] INFO  o.s.b.a.l.ConditionEvaluationReportLoggingListener - 

Error starting ApplicationContext. To display the conditions report re-run your application with 'debug' enabled.
2024-06-21 00:52:23.048 [main] INFO  com.yuunik.eduservice.EduApplication - Starting EduApplication on LAPTOP-BE590U33 with PID 12716 (D:\Zhou\full-stack\project\edu-system\edu\service\service-edu\target\classes started by ZHJT in D:\Zhou\full-stack\project\edu-system\edu)
2024-06-21 00:52:23.051 [main] INFO  com.yuunik.eduservice.EduApplication - The following profiles are active: dev
2024-06-21 00:52:24.092 [main] INFO  o.s.d.r.config.RepositoryConfigurationDelegate - Multiple Spring Data modules found, entering strict repository configuration mode!
2024-06-21 00:52:24.096 [main] INFO  o.s.d.r.config.RepositoryConfigurationDelegate - Bootstrapping Spring Data repositories in DEFAULT mode.
2024-06-21 00:52:24.129 [main] INFO  o.s.d.r.config.RepositoryConfigurationDelegate - Finished Spring Data repository scanning in 13ms. Found 0 repository interfaces.
2024-06-21 00:52:24.450 [main] INFO  o.s.c.s.PostProcessorRegistrationDelegate$BeanPostProcessorChecker - Bean 'org.springframework.transaction.annotation.ProxyTransactionManagementConfiguration' of type [org.springframework.transaction.annotation.ProxyTransactionManagementConfiguration] is not eligible for getting processed by all BeanPostProcessors (for example: not eligible for auto-proxying)
2024-06-21 00:52:24.716 [main] INFO  o.s.boot.web.embedded.tomcat.TomcatWebServer - Tomcat initialized with port(s): 8001 (http)
2024-06-21 00:52:24.726 [main] INFO  org.apache.coyote.http11.Http11NioProtocol - Initializing ProtocolHandler ["http-nio-8001"]
2024-06-21 00:52:24.727 [main] INFO  org.apache.catalina.core.StandardService - Starting service [Tomcat]
2024-06-21 00:52:24.728 [main] INFO  org.apache.catalina.core.StandardEngine - Starting Servlet engine: [Apache Tomcat/9.0.27]
2024-06-21 00:52:24.836 [main] INFO  o.a.c.core.ContainerBase.[Tomcat].[localhost].[/] - Initializing Spring embedded WebApplicationContext
2024-06-21 00:52:24.836 [main] INFO  org.springframework.web.context.ContextLoader - Root WebApplicationContext: initialization completed in 1702 ms
2024-06-21 00:52:25.215 [main] INFO  com.zaxxer.hikari.HikariDataSource - HikariPool-1 - Starting...
2024-06-21 00:52:25.857 [main] INFO  com.zaxxer.hikari.HikariDataSource - HikariPool-1 - Start completed.
2024-06-21 00:52:26.564 [main] INFO  s.d.s.w.PropertySourcedRequestMappingHandlerMapping - Mapped URL path [/v2/api-docs] onto method [springfox.documentation.swagger2.web.Swagger2Controller#getDocumentation(String, HttpServletRequest)]
2024-06-21 00:52:26.674 [main] INFO  o.s.scheduling.concurrent.ThreadPoolTaskExecutor - Initializing ExecutorService 'applicationTaskExecutor'
2024-06-21 00:52:27.370 [main] INFO  s.d.s.web.plugins.DocumentationPluginsBootstrapper - Context refreshed
2024-06-21 00:52:27.389 [main] INFO  s.d.s.web.plugins.DocumentationPluginsBootstrapper - Found 1 custom documentation plugin(s)
2024-06-21 00:52:27.442 [main] INFO  s.d.spring.web.scanners.ApiListingReferenceScanner - Scanning for api listing references
2024-06-21 00:52:27.635 [main] INFO  s.d.s.w.r.operation.CachingOperationNameGenerator - Generating unique operation named: exportTemplateUsingGET_1
2024-06-21 00:52:27.684 [main] INFO  org.apache.coyote.http11.Http11NioProtocol - Starting ProtocolHandler ["http-nio-8001"]
2024-06-21 00:52:27.713 [main] INFO  o.s.boot.web.embedded.tomcat.TomcatWebServer - Tomcat started on port(s): 8001 (http) with context path ''
2024-06-21 00:52:27.716 [main] INFO  com.yuunik.eduservice.EduApplication - Started EduApplication in 5.786 seconds (JVM running for 7.565)
2024-06-21 00:52:59.019 [http-nio-8001-exec-2] INFO  o.a.c.core.ContainerBase.[Tomcat].[localhost].[/] - Initializing Spring DispatcherServlet 'dispatcherServlet'
2024-06-21 00:52:59.020 [http-nio-8001-exec-2] INFO  org.springframework.web.servlet.DispatcherServlet - Initializing Servlet 'dispatcherServlet'
2024-06-21 00:52:59.035 [http-nio-8001-exec-2] INFO  org.springframework.web.servlet.DispatcherServlet - Completed initialization in 15 ms
2024-06-21 01:02:22.862 [SpringContextShutdownHook] INFO  o.s.scheduling.concurrent.ThreadPoolTaskExecutor - Shutting down ExecutorService 'applicationTaskExecutor'
2024-06-21 01:02:22.866 [SpringContextShutdownHook] INFO  com.zaxxer.hikari.HikariDataSource - HikariPool-1 - Shutdown initiated...
2024-06-21 01:02:22.888 [SpringContextShutdownHook] INFO  com.zaxxer.hikari.HikariDataSource - HikariPool-1 - Shutdown completed.
2024-06-21 01:02:37.728 [main] INFO  com.yuunik.eduservice.EduApplication - Starting EduApplication on LAPTOP-BE590U33 with PID 32060 (D:\Zhou\full-stack\project\edu-system\edu\service\service-edu\target\classes started by ZHJT in D:\Zhou\full-stack\project\edu-system\edu)
2024-06-21 01:02:37.731 [main] INFO  com.yuunik.eduservice.EduApplication - The following profiles are active: dev
2024-06-21 01:02:39.009 [main] INFO  o.s.d.r.config.RepositoryConfigurationDelegate - Multiple Spring Data modules found, entering strict repository configuration mode!
2024-06-21 01:02:39.013 [main] INFO  o.s.d.r.config.RepositoryConfigurationDelegate - Bootstrapping Spring Data repositories in DEFAULT mode.
2024-06-21 01:02:39.053 [main] INFO  o.s.d.r.config.RepositoryConfigurationDelegate - Finished Spring Data repository scanning in 19ms. Found 0 repository interfaces.
2024-06-21 01:02:39.437 [main] INFO  o.s.c.s.PostProcessorRegistrationDelegate$BeanPostProcessorChecker - Bean 'org.springframework.transaction.annotation.ProxyTransactionManagementConfiguration' of type [org.springframework.transaction.annotation.ProxyTransactionManagementConfiguration] is not eligible for getting processed by all BeanPostProcessors (for example: not eligible for auto-proxying)
2024-06-21 01:02:39.744 [main] INFO  o.s.boot.web.embedded.tomcat.TomcatWebServer - Tomcat initialized with port(s): 8001 (http)
2024-06-21 01:02:39.755 [main] INFO  org.apache.coyote.http11.Http11NioProtocol - Initializing ProtocolHandler ["http-nio-8001"]
2024-06-21 01:02:39.755 [main] INFO  org.apache.catalina.core.StandardService - Starting service [Tomcat]
2024-06-21 01:02:39.755 [main] INFO  org.apache.catalina.core.StandardEngine - Starting Servlet engine: [Apache Tomcat/9.0.27]
2024-06-21 01:02:39.873 [main] INFO  o.a.c.core.ContainerBase.[Tomcat].[localhost].[/] - Initializing Spring embedded WebApplicationContext
2024-06-21 01:02:39.874 [main] INFO  org.springframework.web.context.ContextLoader - Root WebApplicationContext: initialization completed in 2067 ms
2024-06-21 01:02:40.160 [main] INFO  com.zaxxer.hikari.HikariDataSource - HikariPool-1 - Starting...
2024-06-21 01:02:40.381 [main] INFO  com.zaxxer.hikari.HikariDataSource - HikariPool-1 - Start completed.
2024-06-21 01:02:41.235 [main] INFO  s.d.s.w.PropertySourcedRequestMappingHandlerMapping - Mapped URL path [/v2/api-docs] onto method [springfox.documentation.swagger2.web.Swagger2Controller#getDocumentation(String, HttpServletRequest)]
2024-06-21 01:02:41.346 [main] INFO  o.s.scheduling.concurrent.ThreadPoolTaskExecutor - Initializing ExecutorService 'applicationTaskExecutor'
2024-06-21 01:02:42.106 [main] INFO  s.d.s.web.plugins.DocumentationPluginsBootstrapper - Context refreshed
2024-06-21 01:02:42.131 [main] INFO  s.d.s.web.plugins.DocumentationPluginsBootstrapper - Found 1 custom documentation plugin(s)
2024-06-21 01:02:42.174 [main] INFO  s.d.spring.web.scanners.ApiListingReferenceScanner - Scanning for api listing references
2024-06-21 01:02:42.370 [main] INFO  s.d.s.w.r.operation.CachingOperationNameGenerator - Generating unique operation named: exportTemplateUsingGET_1
2024-06-21 01:02:42.428 [main] INFO  org.apache.coyote.http11.Http11NioProtocol - Starting ProtocolHandler ["http-nio-8001"]
2024-06-21 01:02:42.454 [main] INFO  o.s.boot.web.embedded.tomcat.TomcatWebServer - Tomcat started on port(s): 8001 (http) with context path ''
2024-06-21 01:02:42.458 [main] INFO  com.yuunik.eduservice.EduApplication - Started EduApplication in 5.798 seconds (JVM running for 9.284)
2024-06-21 01:02:44.671 [http-nio-8001-exec-1] INFO  o.a.c.core.ContainerBase.[Tomcat].[localhost].[/] - Initializing Spring DispatcherServlet 'dispatcherServlet'
2024-06-21 01:02:44.672 [http-nio-8001-exec-1] INFO  org.springframework.web.servlet.DispatcherServlet - Initializing Servlet 'dispatcherServlet'
2024-06-21 01:02:44.689 [http-nio-8001-exec-1] INFO  org.springframework.web.servlet.DispatcherServlet - Completed initialization in 17 ms
2024-06-21 01:35:42.006 [SpringContextShutdownHook] INFO  o.s.scheduling.concurrent.ThreadPoolTaskExecutor - Shutting down ExecutorService 'applicationTaskExecutor'
2024-06-21 01:35:42.010 [SpringContextShutdownHook] INFO  com.zaxxer.hikari.HikariDataSource - HikariPool-1 - Shutdown initiated...
2024-06-21 01:35:42.017 [SpringContextShutdownHook] INFO  com.zaxxer.hikari.HikariDataSource - HikariPool-1 - Shutdown completed.
2024-06-21 09:06:13.947 [main] INFO  com.yuunik.eduservice.EduApplication - Starting EduApplication on LAPTOP-BE590U33 with PID 19676 (D:\Zhou\full-stack\project\edu-system\edu\service\service-edu\target\classes started by ZHJT in D:\Zhou\full-stack\project\edu-system\edu)
2024-06-21 09:06:13.950 [main] INFO  com.yuunik.eduservice.EduApplication - The following profiles are active: dev
2024-06-21 09:06:15.122 [main] INFO  o.s.d.r.config.RepositoryConfigurationDelegate - Multiple Spring Data modules found, entering strict repository configuration mode!
2024-06-21 09:06:15.126 [main] INFO  o.s.d.r.config.RepositoryConfigurationDelegate - Bootstrapping Spring Data repositories in DEFAULT mode.
2024-06-21 09:06:15.171 [main] INFO  o.s.d.r.config.RepositoryConfigurationDelegate - Finished Spring Data repository scanning in 19ms. Found 0 repository interfaces.
2024-06-21 09:06:15.615 [main] INFO  o.s.c.s.PostProcessorRegistrationDelegate$BeanPostProcessorChecker - Bean 'org.springframework.transaction.annotation.ProxyTransactionManagementConfiguration' of type [org.springframework.transaction.annotation.ProxyTransactionManagementConfiguration] is not eligible for getting processed by all BeanPostProcessors (for example: not eligible for auto-proxying)
2024-06-21 09:06:16.015 [main] INFO  o.s.boot.web.embedded.tomcat.TomcatWebServer - Tomcat initialized with port(s): 8001 (http)
2024-06-21 09:06:16.031 [main] INFO  org.apache.coyote.http11.Http11NioProtocol - Initializing ProtocolHandler ["http-nio-8001"]
2024-06-21 09:06:16.032 [main] INFO  org.apache.catalina.core.StandardService - Starting service [Tomcat]
2024-06-21 09:06:16.032 [main] INFO  org.apache.catalina.core.StandardEngine - Starting Servlet engine: [Apache Tomcat/9.0.27]
2024-06-21 09:06:16.165 [main] INFO  o.a.c.core.ContainerBase.[Tomcat].[localhost].[/] - Initializing Spring embedded WebApplicationContext
2024-06-21 09:06:16.165 [main] INFO  org.springframework.web.context.ContextLoader - Root WebApplicationContext: initialization completed in 2141 ms
2024-06-21 09:06:16.495 [main] INFO  com.zaxxer.hikari.HikariDataSource - HikariPool-1 - Starting...
2024-06-21 09:06:17.058 [main] INFO  com.zaxxer.hikari.HikariDataSource - HikariPool-1 - Start completed.
2024-06-21 09:06:17.709 [main] INFO  s.d.s.w.PropertySourcedRequestMappingHandlerMapping - Mapped URL path [/v2/api-docs] onto method [springfox.documentation.swagger2.web.Swagger2Controller#getDocumentation(String, HttpServletRequest)]
2024-06-21 09:06:17.823 [main] INFO  o.s.scheduling.concurrent.ThreadPoolTaskExecutor - Initializing ExecutorService 'applicationTaskExecutor'
2024-06-21 09:06:18.495 [main] INFO  s.d.s.web.plugins.DocumentationPluginsBootstrapper - Context refreshed
2024-06-21 09:06:18.513 [main] INFO  s.d.s.web.plugins.DocumentationPluginsBootstrapper - Found 1 custom documentation plugin(s)
2024-06-21 09:06:18.546 [main] INFO  s.d.spring.web.scanners.ApiListingReferenceScanner - Scanning for api listing references
2024-06-21 09:06:18.730 [main] INFO  s.d.s.w.r.operation.CachingOperationNameGenerator - Generating unique operation named: exportTemplateUsingGET_1
2024-06-21 09:06:18.786 [main] INFO  org.apache.coyote.http11.Http11NioProtocol - Starting ProtocolHandler ["http-nio-8001"]
2024-06-21 09:06:18.817 [main] INFO  o.s.boot.web.embedded.tomcat.TomcatWebServer - Tomcat started on port(s): 8001 (http) with context path ''
2024-06-21 09:06:18.819 [main] INFO  com.yuunik.eduservice.EduApplication - Started EduApplication in 5.943 seconds (JVM running for 9.203)
2024-06-21 09:06:35.936 [http-nio-8001-exec-2] INFO  o.a.c.core.ContainerBase.[Tomcat].[localhost].[/] - Initializing Spring DispatcherServlet 'dispatcherServlet'
2024-06-21 09:06:35.937 [http-nio-8001-exec-2] INFO  org.springframework.web.servlet.DispatcherServlet - Initializing Servlet 'dispatcherServlet'
2024-06-21 09:06:35.944 [http-nio-8001-exec-2] INFO  org.springframework.web.servlet.DispatcherServlet - Completed initialization in 7 ms
2024-06-21 09:11:19.987 [SpringContextShutdownHook] INFO  o.s.scheduling.concurrent.ThreadPoolTaskExecutor - Shutting down ExecutorService 'applicationTaskExecutor'
2024-06-21 09:11:19.988 [SpringContextShutdownHook] INFO  com.zaxxer.hikari.HikariDataSource - HikariPool-1 - Shutdown initiated...
2024-06-21 09:11:19.999 [SpringContextShutdownHook] INFO  com.zaxxer.hikari.HikariDataSource - HikariPool-1 - Shutdown completed.
