2024-06-04 21:40:55.817 [main] INFO  com.yuunik.eduservice.EduApplication - Starting EduApplication on LAPTOP-BE590U33 with PID 14720 (D:\Zhou\full-stack\project\edu-system\edu-back-end\service\service-edu\target\classes started by ZHJT in D:\Zhou\full-stack\project\edu-system\edu-back-end)
2024-06-04 21:40:55.820 [main] INFO  com.yuunik.eduservice.EduApplication - The following profiles are active: dev
2024-06-04 21:40:57.044 [main] INFO  o.s.d.r.config.RepositoryConfigurationDelegate - Multiple Spring Data modules found, entering strict repository configuration mode!
2024-06-04 21:40:57.048 [main] INFO  o.s.d.r.config.RepositoryConfigurationDelegate - Bootstrapping Spring Data repositories in DEFAULT mode.
2024-06-04 21:40:57.084 [main] INFO  o.s.d.r.config.RepositoryConfigurationDelegate - Finished Spring Data repository scanning in 10ms. Found 0 repository interfaces.
2024-06-04 21:40:57.450 [main] INFO  o.s.c.s.PostProcessorRegistrationDelegate$BeanPostProcessorChecker - Bean 'org.springframework.transaction.annotation.ProxyTransactionManagementConfiguration' of type [org.springframework.transaction.annotation.ProxyTransactionManagementConfiguration] is not eligible for getting processed by all BeanPostProcessors (for example: not eligible for auto-proxying)
2024-06-04 21:40:57.777 [main] INFO  o.s.boot.web.embedded.tomcat.TomcatWebServer - Tomcat initialized with port(s): 8001 (http)
2024-06-04 21:40:57.790 [main] INFO  org.apache.coyote.http11.Http11NioProtocol - Initializing ProtocolHandler ["http-nio-8001"]
2024-06-04 21:40:57.790 [main] INFO  org.apache.catalina.core.StandardService - Starting service [Tomcat]
2024-06-04 21:40:57.791 [main] INFO  org.apache.catalina.core.StandardEngine - Starting Servlet engine: [Apache Tomcat/9.0.27]
2024-06-04 21:40:57.945 [main] INFO  o.a.c.core.ContainerBase.[Tomcat].[localhost].[/] - Initializing Spring embedded WebApplicationContext
2024-06-04 21:40:57.945 [main] INFO  org.springframework.web.context.ContextLoader - Root WebApplicationContext: initialization completed in 2073 ms
2024-06-04 21:40:58.362 [main] INFO  com.zaxxer.hikari.HikariDataSource - HikariPool-1 - Starting...
2024-06-04 21:40:58.614 [main] INFO  org.apache.catalina.core.StandardService - Stopping service [Tomcat]
2024-06-04 21:40:58.642 [main] INFO  o.s.b.a.l.ConditionEvaluationReportLoggingListener - 

Error starting ApplicationContext. To display the conditions report re-run your application with 'debug' enabled.
2024-06-04 22:59:43.708 [main] INFO  com.yuunik.eduservice.EduApplication - Starting EduApplication on LAPTOP-BE590U33 with PID 24632 (D:\Zhou\full-stack\project\edu-system\edu-back-end\service\service-edu\target\classes started by ZHJT in D:\Zhou\full-stack\project\edu-system\edu-back-end)
2024-06-04 22:59:43.711 [main] INFO  com.yuunik.eduservice.EduApplication - The following profiles are active: dev
2024-06-04 22:59:44.763 [main] INFO  o.s.d.r.config.RepositoryConfigurationDelegate - Multiple Spring Data modules found, entering strict repository configuration mode!
2024-06-04 22:59:44.766 [main] INFO  o.s.d.r.config.RepositoryConfigurationDelegate - Bootstrapping Spring Data repositories in DEFAULT mode.
2024-06-04 22:59:44.788 [main] INFO  o.s.d.r.config.RepositoryConfigurationDelegate - Finished Spring Data repository scanning in 8ms. Found 0 repository interfaces.
2024-06-04 22:59:45.084 [main] INFO  o.s.c.s.PostProcessorRegistrationDelegate$BeanPostProcessorChecker - Bean 'org.springframework.transaction.annotation.ProxyTransactionManagementConfiguration' of type [org.springframework.transaction.annotation.ProxyTransactionManagementConfiguration] is not eligible for getting processed by all BeanPostProcessors (for example: not eligible for auto-proxying)
2024-06-04 22:59:45.330 [main] INFO  o.s.boot.web.embedded.tomcat.TomcatWebServer - Tomcat initialized with port(s): 8001 (http)
2024-06-04 22:59:45.340 [main] INFO  org.apache.coyote.http11.Http11NioProtocol - Initializing ProtocolHandler ["http-nio-8001"]
2024-06-04 22:59:45.341 [main] INFO  org.apache.catalina.core.StandardService - Starting service [Tomcat]
2024-06-04 22:59:45.341 [main] INFO  org.apache.catalina.core.StandardEngine - Starting Servlet engine: [Apache Tomcat/9.0.27]
2024-06-04 22:59:45.446 [main] INFO  o.a.c.core.ContainerBase.[Tomcat].[localhost].[/] - Initializing Spring embedded WebApplicationContext
2024-06-04 22:59:45.447 [main] INFO  org.springframework.web.context.ContextLoader - Root WebApplicationContext: initialization completed in 1647 ms
2024-06-04 22:59:45.762 [main] INFO  com.zaxxer.hikari.HikariDataSource - HikariPool-1 - Starting...
2024-06-04 22:59:45.893 [main] INFO  org.apache.catalina.core.StandardService - Stopping service [Tomcat]
2024-06-04 22:59:45.905 [main] INFO  o.s.b.a.l.ConditionEvaluationReportLoggingListener - 

Error starting ApplicationContext. To display the conditions report re-run your application with 'debug' enabled.
2024-06-04 23:03:17.416 [main] INFO  com.yuunik.eduservice.EduApplication - Starting EduApplication on LAPTOP-BE590U33 with PID 22540 (D:\Zhou\full-stack\project\edu-system\edu-back-end\service\service-edu\target\classes started by ZHJT in D:\Zhou\full-stack\project\edu-system\edu-back-end)
2024-06-04 23:03:17.418 [main] INFO  com.yuunik.eduservice.EduApplication - The following profiles are active: dev
2024-06-04 23:03:18.167 [main] INFO  o.s.d.r.config.RepositoryConfigurationDelegate - Multiple Spring Data modules found, entering strict repository configuration mode!
2024-06-04 23:03:18.170 [main] INFO  o.s.d.r.config.RepositoryConfigurationDelegate - Bootstrapping Spring Data repositories in DEFAULT mode.
2024-06-04 23:03:18.202 [main] INFO  o.s.d.r.config.RepositoryConfigurationDelegate - Finished Spring Data repository scanning in 13ms. Found 0 repository interfaces.
2024-06-04 23:03:18.545 [main] INFO  o.s.c.s.PostProcessorRegistrationDelegate$BeanPostProcessorChecker - Bean 'org.springframework.transaction.annotation.ProxyTransactionManagementConfiguration' of type [org.springframework.transaction.annotation.ProxyTransactionManagementConfiguration] is not eligible for getting processed by all BeanPostProcessors (for example: not eligible for auto-proxying)
2024-06-04 23:03:18.763 [main] INFO  o.s.boot.web.embedded.tomcat.TomcatWebServer - Tomcat initialized with port(s): 8001 (http)
2024-06-04 23:03:18.775 [main] INFO  org.apache.coyote.http11.Http11NioProtocol - Initializing ProtocolHandler ["http-nio-8001"]
2024-06-04 23:03:18.776 [main] INFO  org.apache.catalina.core.StandardService - Starting service [Tomcat]
2024-06-04 23:03:18.776 [main] INFO  org.apache.catalina.core.StandardEngine - Starting Servlet engine: [Apache Tomcat/9.0.27]
2024-06-04 23:03:18.881 [main] INFO  o.a.c.core.ContainerBase.[Tomcat].[localhost].[/] - Initializing Spring embedded WebApplicationContext
2024-06-04 23:03:18.882 [main] INFO  org.springframework.web.context.ContextLoader - Root WebApplicationContext: initialization completed in 1426 ms
2024-06-04 23:03:19.172 [main] INFO  com.zaxxer.hikari.HikariDataSource - HikariPool-1 - Starting...
2024-06-04 23:03:19.336 [main] INFO  com.zaxxer.hikari.HikariDataSource - HikariPool-1 - Start completed.
2024-06-04 23:03:19.900 [main] INFO  s.d.s.w.PropertySourcedRequestMappingHandlerMapping - Mapped URL path [/v2/api-docs] onto method [springfox.documentation.swagger2.web.Swagger2Controller#getDocumentation(String, HttpServletRequest)]
2024-06-04 23:03:20.014 [main] INFO  o.s.scheduling.concurrent.ThreadPoolTaskExecutor - Initializing ExecutorService 'applicationTaskExecutor'
2024-06-04 23:03:20.683 [main] INFO  s.d.s.web.plugins.DocumentationPluginsBootstrapper - Context refreshed
2024-06-04 23:03:20.704 [main] INFO  s.d.s.web.plugins.DocumentationPluginsBootstrapper - Found 1 custom documentation plugin(s)
2024-06-04 23:03:20.737 [main] INFO  s.d.spring.web.scanners.ApiListingReferenceScanner - Scanning for api listing references
2024-06-04 23:03:20.925 [main] INFO  org.apache.coyote.http11.Http11NioProtocol - Starting ProtocolHandler ["http-nio-8001"]
2024-06-04 23:03:20.957 [main] INFO  o.s.boot.web.embedded.tomcat.TomcatWebServer - Tomcat started on port(s): 8001 (http) with context path ''
2024-06-04 23:03:20.960 [main] INFO  com.yuunik.eduservice.EduApplication - Started EduApplication in 4.151 seconds (JVM running for 5.771)
2024-06-04 23:03:54.701 [http-nio-8001-exec-2] INFO  o.a.c.core.ContainerBase.[Tomcat].[localhost].[/] - Initializing Spring DispatcherServlet 'dispatcherServlet'
2024-06-04 23:03:54.702 [http-nio-8001-exec-2] INFO  org.springframework.web.servlet.DispatcherServlet - Initializing Servlet 'dispatcherServlet'
2024-06-04 23:03:54.715 [http-nio-8001-exec-2] INFO  org.springframework.web.servlet.DispatcherServlet - Completed initialization in 13 ms
