2024-07-05 00:13:51.169 [HikariPool-1 housekeeper] WARN  com.zaxxer.hikari.pool.HikariPool - HikariPool-1 - Thread starvation or clock leap detected (housekeeper delta=27m25s751ms685µs).
2024-07-05 00:26:06.478 [HikariPool-1 housekeeper] WARN  com.zaxxer.hikari.pool.HikariPool - HikariPool-1 - Thread starvation or clock leap detected (housekeeper delta=7m45s212ms618µs900ns).
2024-07-05 02:59:16.206 [HikariPool-1 housekeeper] WARN  com.zaxxer.hikari.pool.HikariPool - HikariPool-1 - Thread starvation or clock leap detected (housekeeper delta=1m34s326ms148µs800ns).
2024-07-05 13:45:30.034 [HikariPool-1 housekeeper] WARN  com.zaxxer.hikari.pool.HikariPool - HikariPool-1 - Thread starvation or clock leap detected (housekeeper delta=1h5m20s340ms225µs900ns).
2024-07-05 16:23:11.751 [main] WARN  org.mybatis.spring.mapper.ClassPathMapperScanner - Skipping MapperFactoryBean with name 'eduChapterMapper' and 'com.yuunik.eduservice.mapper.EduChapterMapper' mapperInterface. Bean already defined with the same name!
2024-07-05 16:23:11.764 [main] WARN  org.mybatis.spring.mapper.ClassPathMapperScanner - Skipping MapperFactoryBean with name 'eduCourseDescriptionMapper' and 'com.yuunik.eduservice.mapper.EduCourseDescriptionMapper' mapperInterface. Bean already defined with the same name!
2024-07-05 16:23:11.766 [main] WARN  org.mybatis.spring.mapper.ClassPathMapperScanner - Skipping MapperFactoryBean with name 'eduCourseMapper' and 'com.yuunik.eduservice.mapper.EduCourseMapper' mapperInterface. Bean already defined with the same name!
2024-07-05 16:23:11.766 [main] WARN  org.mybatis.spring.mapper.ClassPathMapperScanner - Skipping MapperFactoryBean with name 'eduSubjectMapper' and 'com.yuunik.eduservice.mapper.EduSubjectMapper' mapperInterface. Bean already defined with the same name!
2024-07-05 16:23:11.766 [main] WARN  org.mybatis.spring.mapper.ClassPathMapperScanner - Skipping MapperFactoryBean with name 'eduTeacherMapper' and 'com.yuunik.eduservice.mapper.EduTeacherMapper' mapperInterface. Bean already defined with the same name!
2024-07-05 16:23:11.766 [main] WARN  org.mybatis.spring.mapper.ClassPathMapperScanner - Skipping MapperFactoryBean with name 'eduVideoMapper' and 'com.yuunik.eduservice.mapper.EduVideoMapper' mapperInterface. Bean already defined with the same name!
2024-07-05 16:23:11.766 [main] WARN  org.mybatis.spring.mapper.ClassPathMapperScanner - No MyBatis mapper was found in '[com.yuunik.eduservice.mapper]' package. Please check your configuration.
2024-07-05 16:25:54.198 [main] WARN  org.mybatis.spring.mapper.ClassPathMapperScanner - Skipping MapperFactoryBean with name 'eduChapterMapper' and 'com.yuunik.eduservice.mapper.EduChapterMapper' mapperInterface. Bean already defined with the same name!
2024-07-05 16:25:54.198 [main] WARN  org.mybatis.spring.mapper.ClassPathMapperScanner - Skipping MapperFactoryBean with name 'eduCourseDescriptionMapper' and 'com.yuunik.eduservice.mapper.EduCourseDescriptionMapper' mapperInterface. Bean already defined with the same name!
2024-07-05 16:25:54.198 [main] WARN  org.mybatis.spring.mapper.ClassPathMapperScanner - Skipping MapperFactoryBean with name 'eduCourseMapper' and 'com.yuunik.eduservice.mapper.EduCourseMapper' mapperInterface. Bean already defined with the same name!
2024-07-05 16:25:54.198 [main] WARN  org.mybatis.spring.mapper.ClassPathMapperScanner - Skipping MapperFactoryBean with name 'eduSubjectMapper' and 'com.yuunik.eduservice.mapper.EduSubjectMapper' mapperInterface. Bean already defined with the same name!
2024-07-05 16:25:54.199 [main] WARN  org.mybatis.spring.mapper.ClassPathMapperScanner - Skipping MapperFactoryBean with name 'eduTeacherMapper' and 'com.yuunik.eduservice.mapper.EduTeacherMapper' mapperInterface. Bean already defined with the same name!
2024-07-05 16:25:54.199 [main] WARN  org.mybatis.spring.mapper.ClassPathMapperScanner - Skipping MapperFactoryBean with name 'eduVideoMapper' and 'com.yuunik.eduservice.mapper.EduVideoMapper' mapperInterface. Bean already defined with the same name!
2024-07-05 16:25:54.199 [main] WARN  org.mybatis.spring.mapper.ClassPathMapperScanner - No MyBatis mapper was found in '[com.yuunik.eduservice.mapper]' package. Please check your configuration.
2024-07-05 16:26:57.128 [main] WARN  org.mybatis.spring.mapper.ClassPathMapperScanner - Skipping MapperFactoryBean with name 'eduChapterMapper' and 'com.yuunik.eduservice.mapper.EduChapterMapper' mapperInterface. Bean already defined with the same name!
2024-07-05 16:26:57.129 [main] WARN  org.mybatis.spring.mapper.ClassPathMapperScanner - Skipping MapperFactoryBean with name 'eduCourseDescriptionMapper' and 'com.yuunik.eduservice.mapper.EduCourseDescriptionMapper' mapperInterface. Bean already defined with the same name!
2024-07-05 16:26:57.129 [main] WARN  org.mybatis.spring.mapper.ClassPathMapperScanner - Skipping MapperFactoryBean with name 'eduCourseMapper' and 'com.yuunik.eduservice.mapper.EduCourseMapper' mapperInterface. Bean already defined with the same name!
2024-07-05 16:26:57.129 [main] WARN  org.mybatis.spring.mapper.ClassPathMapperScanner - Skipping MapperFactoryBean with name 'eduSubjectMapper' and 'com.yuunik.eduservice.mapper.EduSubjectMapper' mapperInterface. Bean already defined with the same name!
2024-07-05 16:26:57.129 [main] WARN  org.mybatis.spring.mapper.ClassPathMapperScanner - Skipping MapperFactoryBean with name 'eduTeacherMapper' and 'com.yuunik.eduservice.mapper.EduTeacherMapper' mapperInterface. Bean already defined with the same name!
2024-07-05 16:26:57.129 [main] WARN  org.mybatis.spring.mapper.ClassPathMapperScanner - Skipping MapperFactoryBean with name 'eduVideoMapper' and 'com.yuunik.eduservice.mapper.EduVideoMapper' mapperInterface. Bean already defined with the same name!
2024-07-05 16:26:57.129 [main] WARN  org.mybatis.spring.mapper.ClassPathMapperScanner - No MyBatis mapper was found in '[com.yuunik.eduservice.mapper]' package. Please check your configuration.
